Arguments: 
  /usr/bin/node /usr/share/yarn/bin/yarn.js add -D run_s

PATH: 
  /home/noobcoder/0_Project/school/bao-dien-tu-th16-static/node_modules/.bin:/home/noobcoder/.local/bin:/usr/local/sbin:/usr/local/bin:/usr/sbin:/usr/bin:/sbin:/bin:/usr/games:/usr/local/games:/snap/bin:/home/noobcoder/.dotnet/tools:/opt/gradle/gradle-5.0/bin:/home/noobcoder/.composer/vendor/bin:/home/noobcoder/.yarn/bin

Yarn version: 
  1.12.3

Node version: 
  8.10.0

Platform: 
  linux x64

Trace: 
  Error: https://registry.yarnpkg.com/run_s: Not found
      at Request.params.callback [as _callback] (/usr/share/yarn/lib/cli.js:65894:18)
      at Request.self.callback (/usr/share/yarn/lib/cli.js:129018:22)
      at emitTwo (events.js:126:13)
      at Request.emit (events.js:214:7)
      at Request.<anonymous> (/usr/share/yarn/lib/cli.js:129990:10)
      at emitOne (events.js:116:13)
      at Request.emit (events.js:211:7)
      at IncomingMessage.<anonymous> (/usr/share/yarn/lib/cli.js:129912:12)
      at Object.onceWrapper (events.js:313:30)
      at emitNone (events.js:111:20)

npm manifest: 
  {
    "name": "bao-dien-tu-th16-static",
    "version": "1.0.0",
    "description": "",
    "main": "index.js",
    "scripts": {
      "test": "echo \"Error: no test specified\" && exit 1",
      "start": "ws --port=8081"
    },
    "repository": {
      "type": "git",
      "url": "git+https://github.com/beohoang98/bao-dien-tu-th16-static.git"
    },
    "keywords": [],
    "author": "",
    "license": "ISC",
    "bugs": {
      "url": "https://github.com/beohoang98/bao-dien-tu-th16-static/issues"
    },
    "homepage": "https://github.com/beohoang98/bao-dien-tu-th16-static#readme",
    "devDependencies": {
      "browserify": "^16.2.3",
      "local-web-server": "^2.6.1"
    },
    "dependencies": {
      "quilljs": "^0.18.1"
    }
  }

yarn manifest: 
  No manifest

Lockfile: 
  # THIS IS AN AUTOGENERATED FILE. DO NOT EDIT THIS FILE DIRECTLY.
  # yarn lockfile v1
  
  
  "@koa/cors@^2.2.1":
    version "2.2.3"
    resolved "https://registry.yarnpkg.com/@koa/cors/-/cors-2.2.3.tgz#c32a9907acbee1e72fedfb0b9ac840d2e6f9be57"
    integrity sha512-tCVVXa39ETsit5kGBtEWWimjLn1sDaeu8+0phgb8kT3GmBDZOykkI3ZO8nMjV2p3MGkJI4K5P+bxR8Ztq0bwsA==
    dependencies:
      vary "^1.1.2"
  
  JSONStream@^1.0.3, JSONStream@^1.3.1:
    version "1.3.5"
    resolved "https://registry.yarnpkg.com/JSONStream/-/JSONStream-1.3.5.tgz#3208c1f08d3a4d99261ab64f92302bc15e111ca0"
    integrity sha512-E+iruNOY8VV9s4JEbe1aNEm6MiszPRr/UfcHMz0TQh1BXSxHK+ASV1R6W4HpjBhSeS+54PIsAMCBmwD06LLsqQ==
    dependencies:
      jsonparse "^1.2.0"
      through ">=2.2.7 <3"
  
  accepts@^1.3.5, accepts@~1.3.4:
    version "1.3.5"
    resolved "https://registry.yarnpkg.com/accepts/-/accepts-1.3.5.tgz#eb777df6011723a3b14e8a72c0805c8e86746bd2"
    integrity sha1-63d99gEXI6OxTopywIBcjoZ0a9I=
    dependencies:
      mime-types "~2.1.18"
      negotiator "0.6.1"
  
  acorn-dynamic-import@^4.0.0:
    version "4.0.0"
    resolved "https://registry.yarnpkg.com/acorn-dynamic-import/-/acorn-dynamic-import-4.0.0.tgz#482210140582a36b83c3e342e1cfebcaa9240948"
    integrity sha512-d3OEjQV4ROpoflsnUA8HozoIR504TFxNivYEUi6uwz0IYhBkTDXGuWlNdMtybRt3nqVx/L6XqMt0FxkXuWKZhw==
  
  acorn-node@^1.2.0, acorn-node@^1.3.0, acorn-node@^1.5.2, acorn-node@^1.6.1:
    version "1.6.2"
    resolved "https://registry.yarnpkg.com/acorn-node/-/acorn-node-1.6.2.tgz#b7d7ceca6f22e6417af933a62cad4de01048d5d2"
    integrity sha512-rIhNEZuNI8ibQcL7ANm/mGyPukIaZsRNX9psFNQURyJW0nu6k8wjSDld20z6v2mDBWqX13pIEnk9gGZJHIlEXg==
    dependencies:
      acorn "^6.0.2"
      acorn-dynamic-import "^4.0.0"
      acorn-walk "^6.1.0"
      xtend "^4.0.1"
  
  acorn-walk@^6.1.0:
    version "6.1.1"
    resolved "https://registry.yarnpkg.com/acorn-walk/-/acorn-walk-6.1.1.tgz#d363b66f5fac5f018ff9c3a1e7b6f8e310cc3913"
    integrity sha512-OtUw6JUTgxA2QoqqmrmQ7F2NYqiBPi/L2jqHyFtllhOUvXYQXf0Z1CYUinIfyT4bTCGmrA7gX9FvHA81uzCoVw==
  
  acorn@^6.0.2:
    version "6.1.1"
    resolved "https://registry.yarnpkg.com/acorn/-/acorn-6.1.1.tgz#7d25ae05bb8ad1f9b699108e1094ecd7884adc1f"
    integrity sha512-jPTiwtOxaHNaAPg/dmrJ/beuzLRnXtB0kQPQ8JpotKJgTB6rX6c8mlf315941pyjBSaPg8NHXS9fhP4u17DpGA==
  
  ansi-escape-sequences@^3.0.0:
    version "3.0.0"
    resolved "https://registry.yarnpkg.com/ansi-escape-sequences/-/ansi-escape-sequences-3.0.0.tgz#1c18394b6af9b76ff9a63509fa497669fd2ce53e"
    integrity sha1-HBg5S2r5t2/5pjUJ+kl2af0s5T4=
    dependencies:
      array-back "^1.0.3"
  
  ansi-escape-sequences@^4.0.1:
    version "4.1.0"
    resolved "https://registry.yarnpkg.com/ansi-escape-sequences/-/ansi-escape-sequences-4.1.0.tgz#2483c8773f50dd9174dd9557e92b1718f1816097"
    integrity sha512-dzW9kHxH011uBsidTXd14JXgzye/YLb2LzeKZ4bsgl/Knwx8AtbSFkkGxagdNOoh0DlqHCmfiEjWKBaqjOanVw==
    dependencies:
      array-back "^3.0.1"
  
  ansi-styles@^3.2.1:
    version "3.2.1"
    resolved "https://registry.yarnpkg.com/ansi-styles/-/ansi-styles-3.2.1.tgz#41fbb20243e50b12be0f04b8dedbf07520ce841d"
    integrity sha512-VT0ZI6kZRdTh8YyJw3SMbYm/u+NqfsAxEpWO0Pf9sq8/e94WxxOpPKx9FR1FlyCtOVDNOQ+8ntlqFxiRc+r5qA==
    dependencies:
      color-convert "^1.9.0"
  
  any-promise@^1.0.0, any-promise@^1.1.0:
    version "1.3.0"
    resolved "https://registry.yarnpkg.com/any-promise/-/any-promise-1.3.0.tgz#abc6afeedcea52e809cdc0376aed3ce39635d17f"
    integrity sha1-q8av7tzqUugJzcA3au0845Y10X8=
  
  array-back@^1.0.3:
    version "1.0.4"
    resolved "https://registry.yarnpkg.com/array-back/-/array-back-1.0.4.tgz#644ba7f095f7ffcf7c43b5f0dc39d3c1f03c063b"
    integrity sha1-ZEun8JX3/898Q7Xw3DnTwfA8Bjs=
    dependencies:
      typical "^2.6.0"
  
  array-back@^2.0.0:
    version "2.0.0"
    resolved "https://registry.yarnpkg.com/array-back/-/array-back-2.0.0.tgz#6877471d51ecc9c9bfa6136fb6c7d5fe69748022"
    integrity sha512-eJv4pLLufP3g5kcZry0j6WXpIbzYw9GUB4mVJZno9wfwiBxbizTnHCw3VJb07cBihbFX48Y7oSrW9y+gt4glyw==
    dependencies:
      typical "^2.6.1"
  
  array-back@^3.0.1:
    version "3.1.0"
    resolved "https://registry.yarnpkg.com/array-back/-/array-back-3.1.0.tgz#b8859d7a508871c9a7b2cf42f99428f65e96bfb0"
    integrity sha512-TkuxA4UCOvxuDK6NZYXCalszEzj+TLszyASooky+i742l9TqsOdYCMJJupxRic61hwquNtppB3hgcuq9SVSH1Q==
  
  array-filter@~0.0.0:
    version "0.0.1"
    resolved "https://registry.yarnpkg.com/array-filter/-/array-filter-0.0.1.tgz#7da8cf2e26628ed732803581fd21f67cacd2eeec"
    integrity sha1-fajPLiZijtcygDWB/SH2fKzS7uw=
  
  array-map@~0.0.0:
    version "0.0.0"
    resolved "https://registry.yarnpkg.com/array-map/-/array-map-0.0.0.tgz#88a2bab73d1cf7bcd5c1b118a003f66f665fa662"
    integrity sha1-iKK6tz0c97zVwbEYoAP2b2ZfpmI=
  
  array-reduce@~0.0.0:
    version "0.0.0"
    resolved "https://registry.yarnpkg.com/array-reduce/-/array-reduce-0.0.0.tgz#173899d3ffd1c7d9383e4479525dbe278cab5f2b"
    integrity sha1-FziZ0//Rx9k4PkR5Ul2+J4yrXys=
  
  asn1.js@^4.0.0:
    version "4.10.1"
    resolved "https://registry.yarnpkg.com/asn1.js/-/asn1.js-4.10.1.tgz#b9c2bf5805f1e64aadeed6df3a2bfafb5a73f5a0"
    integrity sha512-p32cOF5q0Zqs9uBiONKYLm6BClCoBCM5O9JfeUSlnQLBTxYdTK+pW+nXflm8UkKd2UYlEbYz5qEi0JuZR9ckSw==
    dependencies:
      bn.js "^4.0.0"
      inherits "^2.0.1"
      minimalistic-assert "^1.0.0"
  
  assert@^1.4.0:
    version "1.4.1"
    resolved "https://registry.yarnpkg.com/assert/-/assert-1.4.1.tgz#99912d591836b5a6f5b345c0f07eefc08fc65d91"
    integrity sha1-mZEtWRg2tab1s0XA8H7vwI/GXZE=
    dependencies:
      util "0.10.3"
  
  async-limiter@~1.0.0:
    version "1.0.0"
    resolved "https://registry.yarnpkg.com/async-limiter/-/async-limiter-1.0.0.tgz#78faed8c3d074ab81f22b4e985d79e8738f720f8"
    integrity sha512-jp/uFnooOiO+L211eZOoSyzpOITMXx1rBITauYykG3BRYPu8h0UcxsPNB04RR5vo4Tyz3+ay17tR6JVf9qzYWg==
  
  balanced-match@^1.0.0:
    version "1.0.0"
    resolved "https://registry.yarnpkg.com/balanced-match/-/balanced-match-1.0.0.tgz#89b4d199ab2bee49de164ea02b89ce462d71b767"
    integrity sha1-ibTRmasr7kneFk6gK4nORi1xt2c=
  
  base64-js@^1.0.2:
    version "1.3.0"
    resolved "https://registry.yarnpkg.com/base64-js/-/base64-js-1.3.0.tgz#cab1e6118f051095e58b5281aea8c1cd22bfc0e3"
    integrity sha512-ccav/yGvoa80BQDljCxsmmQ3Xvx60/UpBIij5QN21W3wBi/hhIC9OoO+KLpu9IJTS9j4DRVJ3aDDF9cMSoa2lw==
  
  basic-auth@^1.1.0:
    version "1.1.0"
    resolved "https://registry.yarnpkg.com/basic-auth/-/basic-auth-1.1.0.tgz#45221ee429f7ee1e5035be3f51533f1cdfd29884"
    integrity sha1-RSIe5Cn37h5QNb4/UVM/HN/SmIQ=
  
  basic-auth@~2.0.0:
    version "2.0.1"
    resolved "https://registry.yarnpkg.com/basic-auth/-/basic-auth-2.0.1.tgz#b998279bf47ce38344b4f3cf916d4679bbf51e3a"
    integrity sha512-NF+epuEdnUYVlGuhaxbbq+dvJttwLnGY+YixlXlME5KpQ5W3CnXA5cVTneY3SPbPDRkcjMbifrwmFYcClgOZeg==
    dependencies:
      safe-buffer "5.1.2"
  
  batch@0.6.1:
    version "0.6.1"
    resolved "https://registry.yarnpkg.com/batch/-/batch-0.6.1.tgz#dc34314f4e679318093fc760272525f94bf25c16"
    integrity sha1-3DQxT05nkxgJP8dgJyUl+UvyXBY=
  
  bn.js@^4.0.0, bn.js@^4.1.0, bn.js@^4.1.1, bn.js@^4.4.0:
    version "4.11.8"
    resolved "https://registry.yarnpkg.com/bn.js/-/bn.js-4.11.8.tgz#2cde09eb5ee341f484746bb0309b3253b1b1442f"
    integrity sha512-ItfYfPLkWHUjckQCk8xC+LwxgK8NYcXywGigJgSwOP8Y2iyWT4f2vsZnoOXTTbo+o5yXmIUJ4gn5538SO5S3gA==
  
  brace-expansion@^1.1.7:
    version "1.1.11"
    resolved "https://registry.yarnpkg.com/brace-expansion/-/brace-expansion-1.1.11.tgz#3c7fcbf529d87226f3d2f52b966ff5271eb441dd"
    integrity sha512-iCuPHDFgrHX7H2vEI/5xpz07zSHB00TpugqhmYtVmMO6518mCuRMoOYFldEBl0g187ufozdaHgWKcYFb61qGiA==
    dependencies:
      balanced-match "^1.0.0"
      concat-map "0.0.1"
  
  brorand@^1.0.1:
    version "1.1.0"
    resolved "https://registry.yarnpkg.com/brorand/-/brorand-1.1.0.tgz#12c25efe40a45e3c323eb8675a0a0ce57b22371f"
    integrity sha1-EsJe/kCkXjwyPrhnWgoM5XsiNx8=
  
  browser-pack@^6.0.1:
    version "6.1.0"
    resolved "https://registry.yarnpkg.com/browser-pack/-/browser-pack-6.1.0.tgz#c34ba10d0b9ce162b5af227c7131c92c2ecd5774"
    integrity sha512-erYug8XoqzU3IfcU8fUgyHqyOXqIE4tUTTQ+7mqUjQlvnXkOO6OlT9c/ZoJVHYoAaqGxr09CN53G7XIsO4KtWA==
    dependencies:
      JSONStream "^1.0.3"
      combine-source-map "~0.8.0"
      defined "^1.0.0"
      safe-buffer "^5.1.1"
      through2 "^2.0.0"
      umd "^3.0.0"
  
  browser-resolve@^1.11.0, browser-resolve@^1.7.0:
    version "1.11.3"
    resolved "https://registry.yarnpkg.com/browser-resolve/-/browser-resolve-1.11.3.tgz#9b7cbb3d0f510e4cb86bdbd796124d28b5890af6"
    integrity sha512-exDi1BYWB/6raKHmDTCicQfTkqwN5fioMFV4j8BsfMU4R2DK/QfZfK7kOVkmWCNANf0snkBzqGqAJBao9gZMdQ==
    dependencies:
      resolve "1.1.7"
  
  browserify-aes@^1.0.0, browserify-aes@^1.0.4:
    version "1.2.0"
    resolved "https://registry.yarnpkg.com/browserify-aes/-/browserify-aes-1.2.0.tgz#326734642f403dabc3003209853bb70ad428ef48"
    integrity sha512-+7CHXqGuspUn/Sl5aO7Ea0xWGAtETPXNSAjHo48JfLdPWcMng33Xe4znFvQweqc/uzk5zSOI3H52CYnjCfb5hA==
    dependencies:
      buffer-xor "^1.0.3"
      cipher-base "^1.0.0"
      create-hash "^1.1.0"
      evp_bytestokey "^1.0.3"
      inherits "^2.0.1"
      safe-buffer "^5.0.1"
  
  browserify-cipher@^1.0.0:
    version "1.0.1"
    resolved "https://registry.yarnpkg.com/browserify-cipher/-/browserify-cipher-1.0.1.tgz#8d6474c1b870bfdabcd3bcfcc1934a10e94f15f0"
    integrity sha512-sPhkz0ARKbf4rRQt2hTpAHqn47X3llLkUGn+xEJzLjwY8LRs2p0v7ljvI5EyoRO/mexrNunNECisZs+gw2zz1w==
    dependencies:
      browserify-aes "^1.0.4"
      browserify-des "^1.0.0"
      evp_bytestokey "^1.0.0"
  
  browserify-des@^1.0.0:
    version "1.0.2"
    resolved "https://registry.yarnpkg.com/browserify-des/-/browserify-des-1.0.2.tgz#3af4f1f59839403572f1c66204375f7a7f703e9c"
    integrity sha512-BioO1xf3hFwz4kc6iBhI3ieDFompMhrMlnDFC4/0/vd5MokpuAc3R+LYbwTA9A5Yc9pq9UYPqffKpW2ObuwX5A==
    dependencies:
      cipher-base "^1.0.1"
      des.js "^1.0.0"
      inherits "^2.0.1"
      safe-buffer "^5.1.2"
  
  browserify-rsa@^4.0.0:
    version "4.0.1"
    resolved "https://registry.yarnpkg.com/browserify-rsa/-/browserify-rsa-4.0.1.tgz#21e0abfaf6f2029cf2fafb133567a701d4135524"
    integrity sha1-IeCr+vbyApzy+vsTNWenAdQTVSQ=
    dependencies:
      bn.js "^4.1.0"
      randombytes "^2.0.1"
  
  browserify-sign@^4.0.0:
    version "4.0.4"
    resolved "https://registry.yarnpkg.com/browserify-sign/-/browserify-sign-4.0.4.tgz#aa4eb68e5d7b658baa6bf6a57e630cbd7a93d298"
    integrity sha1-qk62jl17ZYuqa/alfmMMvXqT0pg=
    dependencies:
      bn.js "^4.1.1"
      browserify-rsa "^4.0.0"
      create-hash "^1.1.0"
      create-hmac "^1.1.2"
      elliptic "^6.0.0"
      inherits "^2.0.1"
      parse-asn1 "^5.0.0"
  
  browserify-zlib@~0.2.0:
    version "0.2.0"
    resolved "https://registry.yarnpkg.com/browserify-zlib/-/browserify-zlib-0.2.0.tgz#2869459d9aa3be245fe8fe2ca1f46e2e7f54d73f"
    integrity sha512-Z942RysHXmJrhqk88FmKBVq/v5tqmSkDz7p54G/MGyjMnCFFnC79XWNbg+Vta8W6Wb2qtSZTSxIGkJrRpCFEiA==
    dependencies:
      pako "~1.0.5"
  
  browserify@^16.2.3:
    version "16.2.3"
    resolved "https://registry.yarnpkg.com/browserify/-/browserify-16.2.3.tgz#7ee6e654ba4f92bce6ab3599c3485b1cc7a0ad0b"
    integrity sha512-zQt/Gd1+W+IY+h/xX2NYMW4orQWhqSwyV+xsblycTtpOuB27h1fZhhNQuipJ4t79ohw4P4mMem0jp/ZkISQtjQ==
    dependencies:
      JSONStream "^1.0.3"
      assert "^1.4.0"
      browser-pack "^6.0.1"
      browser-resolve "^1.11.0"
      browserify-zlib "~0.2.0"
      buffer "^5.0.2"
      cached-path-relative "^1.0.0"
      concat-stream "^1.6.0"
      console-browserify "^1.1.0"
      constants-browserify "~1.0.0"
      crypto-browserify "^3.0.0"
      defined "^1.0.0"
      deps-sort "^2.0.0"
      domain-browser "^1.2.0"
      duplexer2 "~0.1.2"
      events "^2.0.0"
      glob "^7.1.0"
      has "^1.0.0"
      htmlescape "^1.1.0"
      https-browserify "^1.0.0"
      inherits "~2.0.1"
      insert-module-globals "^7.0.0"
      labeled-stream-splicer "^2.0.0"
      mkdirp "^0.5.0"
      module-deps "^6.0.0"
      os-browserify "~0.3.0"
      parents "^1.0.1"
      path-browserify "~0.0.0"
      process "~0.11.0"
      punycode "^1.3.2"
      querystring-es3 "~0.2.0"
      read-only-stream "^2.0.0"
      readable-stream "^2.0.2"
      resolve "^1.1.4"
      shasum "^1.0.0"
      shell-quote "^1.6.1"
      stream-browserify "^2.0.0"
      stream-http "^2.0.0"
      string_decoder "^1.1.1"
      subarg "^1.0.0"
      syntax-error "^1.1.1"
      through2 "^2.0.0"
      timers-browserify "^1.0.1"
      tty-browserify "0.0.1"
      url "~0.11.0"
      util "~0.10.1"
      vm-browserify "^1.0.0"
      xtend "^4.0.0"
  
  buffer-from@^1.0.0:
    version "1.1.1"
    resolved "https://registry.yarnpkg.com/buffer-from/-/buffer-from-1.1.1.tgz#32713bc028f75c02fdb710d7c7bcec1f2c6070ef"
    integrity sha512-MQcXEUbCKtEo7bhqEs6560Hyd4XaovZlO/k9V3hjVUF/zwW7KBVdSK4gIt/bzwS9MbR5qob+F5jusZsb0YQK2A==
  
  buffer-xor@^1.0.3:
    version "1.0.3"
    resolved "https://registry.yarnpkg.com/buffer-xor/-/buffer-xor-1.0.3.tgz#26e61ed1422fb70dd42e6e36729ed51d855fe8d9"
    integrity sha1-JuYe0UIvtw3ULm42cp7VHYVf6Nk=
  
  buffer@^5.0.2:
    version "5.2.1"
    resolved "https://registry.yarnpkg.com/buffer/-/buffer-5.2.1.tgz#dd57fa0f109ac59c602479044dca7b8b3d0b71d6"
    integrity sha512-c+Ko0loDaFfuPWiL02ls9Xd3GO3cPVmUobQ6t3rXNUk304u6hGq+8N/kFi+QEIKhzK3uwolVhLzszmfLmMLnqg==
    dependencies:
      base64-js "^1.0.2"
      ieee754 "^1.1.4"
  
  builtin-status-codes@^3.0.0:
    version "3.0.0"
    resolved "https://registry.yarnpkg.com/builtin-status-codes/-/builtin-status-codes-3.0.0.tgz#85982878e21b98e1c66425e03d0174788f569ee8"
    integrity sha1-hZgoeOIbmOHGZCXgPQF0eI9Wnug=
  
  byte-size@^3.0.0:
    version "3.0.0"
    resolved "https://registry.yarnpkg.com/byte-size/-/byte-size-3.0.0.tgz#406f9e2366aa5dabf63672eb291d7bb09495da75"
    integrity sha1-QG+eI2aqXav2NnLrKR17sJSV2nU=
  
  byte-size@^4.0.2:
    version "4.0.4"
    resolved "https://registry.yarnpkg.com/byte-size/-/byte-size-4.0.4.tgz#29d381709f41aae0d89c631f1c81aec88cd40b23"
    integrity sha512-82RPeneC6nqCdSwCX2hZUz3JPOvN5at/nTEw/CMf05Smu3Hrpo9Psb7LjN+k+XndNArG1EY8L4+BM3aTM4BCvw==
  
  byte-size@^5.0.1:
    version "5.0.1"
    resolved "https://registry.yarnpkg.com/byte-size/-/byte-size-5.0.1.tgz#4b651039a5ecd96767e71a3d7ed380e48bed4191"
    integrity sha512-/XuKeqWocKsYa/cBY1YbSJSWWqTi4cFgr9S6OyM7PBaPbr9zvNGwWP33vt0uqGhwDdN+y3yhbXVILEUpnwEWGw==
  
  bytes@3.1.0:
    version "3.1.0"
    resolved "https://registry.yarnpkg.com/bytes/-/bytes-3.1.0.tgz#f6cf7933a360e0588fa9fde85651cdc7f805d1f6"
    integrity sha512-zauLjrfCG+xvoyaqLoV8bLVXXNGC4JqlxFCutSDWA6fJrTo2ZuvLYTqZ7aHBLZSMOopbzwv8f+wZcVzfVTI2Dg==
  
  bytes@^2.3.0:
    version "2.5.0"
    resolved "https://registry.yarnpkg.com/bytes/-/bytes-2.5.0.tgz#4c9423ea2d252c270c41b2bdefeff9bb6b62c06a"
    integrity sha1-TJQj6i0lLCcMQbK97+/5u2tiwGo=
  
  cache-content-type@^1.0.0:
    version "1.0.1"
    resolved "https://registry.yarnpkg.com/cache-content-type/-/cache-content-type-1.0.1.tgz#035cde2b08ee2129f4a8315ea8f00a00dba1453c"
    integrity sha512-IKufZ1o4Ut42YUrZSo8+qnMTrFuKkvyoLXUywKz9GJ5BrhOFGhLdkx9sG4KAnVvbY6kEcSFjLQul+DVmBm2bgA==
    dependencies:
      mime-types "^2.1.18"
      ylru "^1.2.0"
  
  cached-path-relative@^1.0.0:
    version "1.0.2"
    resolved "https://registry.yarnpkg.com/cached-path-relative/-/cached-path-relative-1.0.2.tgz#a13df4196d26776220cc3356eb147a52dba2c6db"
    integrity sha512-5r2GqsoEb4qMTTN9J+WzXfjov+hjxT+j3u5K+kIVNIwAd99DLCJE9pBIMP1qVeybV6JiijL385Oz0DcYxfbOIg==
  
  chalk@^2.4.1:
    version "2.4.2"
    resolved "https://registry.yarnpkg.com/chalk/-/chalk-2.4.2.tgz#cd42541677a54333cf541a49108c1432b44c9424"
    integrity sha512-Mti+f9lpJNcwF4tWV8/OrTTtF1gZi+f8FqlyAdouralcFWFQWF2+NgCHShjkCb+IFBLq9buZwE1xckQU4peSuQ==
    dependencies:
      ansi-styles "^3.2.1"
      escape-string-regexp "^1.0.5"
      supports-color "^5.3.0"
  
  cipher-base@^1.0.0, cipher-base@^1.0.1, cipher-base@^1.0.3:
    version "1.0.4"
    resolved "https://registry.yarnpkg.com/cipher-base/-/cipher-base-1.0.4.tgz#8760e4ecc272f4c363532f926d874aae2c1397de"
    integrity sha512-Kkht5ye6ZGmwv40uUDZztayT2ThLQGfnj/T71N/XzeZeo3nf8foyW7zGTsPYkEya3m5f3cAypH+qe7YOrM1U2Q==
    dependencies:
      inherits "^2.0.1"
      safe-buffer "^5.0.1"
  
  cli-commands@^0.4.0:
    version "0.4.0"
    resolved "https://registry.yarnpkg.com/cli-commands/-/cli-commands-0.4.0.tgz#75b79bba16733267b71c60def2dd76f3a07cda8a"
    integrity sha512-zAvJlR7roeMgpUIhMDYATYL90vz+9ffuyPr0+qq4LzcZ0Jq+gM+H1KdYKxerc6U2nhitiDEx79YiJlXdrooEOA==
    dependencies:
      command-line-args "^5.0.2"
      command-line-commands "^2.0.1"
  
  co-body@^6.0.0:
    version "6.0.0"
    resolved "https://registry.yarnpkg.com/co-body/-/co-body-6.0.0.tgz#965b9337d7f5655480787471f4237664820827e3"
    integrity sha512-9ZIcixguuuKIptnY8yemEOuhb71L/lLf+Rl5JfJEUiDNJk0e02MBt7BPxR2GEh5mw8dPthQYR4jPI/BnS1MQgw==
    dependencies:
      inflation "^2.0.0"
      qs "^6.5.2"
      raw-body "^2.3.3"
      type-is "^1.6.16"
  
  co@^4.6.0:
    version "4.6.0"
    resolved "https://registry.yarnpkg.com/co/-/co-4.6.0.tgz#6ea6bdf3d853ae54ccb8e47bfa0bf3f9031fb184"
    integrity sha1-bqa989hTrlTMuOR7+gvz+QMfsYQ=
  
  color-convert@^1.9.0:
    version "1.9.3"
    resolved "https://registry.yarnpkg.com/color-convert/-/color-convert-1.9.3.tgz#bb71850690e1f136567de629d2d5471deda4c1e8"
    integrity sha512-QfAUtd+vFdAtFQcC8CCyYt1fYWxSqAiK2cSD6zDB8N3cpsEBAvRxp9zOGg6G/SHHJYAT88/az/IuDGALsNVbGg==
    dependencies:
      color-name "1.1.3"
  
  color-name@1.1.3:
    version "1.1.3"
    resolved "https://registry.yarnpkg.com/color-name/-/color-name-1.1.3.tgz#a7d0558bd89c42f795dd42328f740831ca53bc25"
    integrity sha1-p9BVi9icQveV3UIyj3QIMcpTvCU=
  
  combine-source-map@^0.8.0, combine-source-map@~0.8.0:
    version "0.8.0"
    resolved "https://registry.yarnpkg.com/combine-source-map/-/combine-source-map-0.8.0.tgz#a58d0df042c186fcf822a8e8015f5450d2d79a8b"
    integrity sha1-pY0N8ELBhvz4IqjoAV9UUNLXmos=
    dependencies:
      convert-source-map "~1.1.0"
      inline-source-map "~0.6.0"
      lodash.memoize "~3.0.3"
      source-map "~0.5.3"
  
  command-line-args@^5.0.2:
    version "5.1.1"
    resolved "https://registry.yarnpkg.com/command-line-args/-/command-line-args-5.1.1.tgz#88e793e5bb3ceb30754a86863f0401ac92fd369a"
    integrity sha512-hL/eG8lrll1Qy1ezvkant+trihbGnaKaeEjj6Scyr3DN+RC7iQ5Rz84IeLERfAWDGo0HBSNAakczwgCilDXnWg==
    dependencies:
      array-back "^3.0.1"
      find-replace "^3.0.0"
      lodash.camelcase "^4.3.0"
      typical "^4.0.0"
  
  command-line-commands@^2.0.1:
    version "2.0.1"
    resolved "https://registry.yarnpkg.com/command-line-commands/-/command-line-commands-2.0.1.tgz#c58aa13dc78c06038ed67077e57ad09a6f858f46"
    integrity sha512-m8c2p1DrNd2ruIAggxd/y6DgygQayf6r8RHwchhXryaLF8I6koYjoYroVP+emeROE9DXN5b9sP1Gh+WtvTTdtQ==
    dependencies:
      array-back "^2.0.0"
  
  command-line-usage@^5.0.5:
    version "5.0.5"
    resolved "https://registry.yarnpkg.com/command-line-usage/-/command-line-usage-5.0.5.tgz#5f25933ffe6dedd983c635d38a21d7e623fda357"
    integrity sha512-d8NrGylA5oCXSbGoKz05FkehDAzSmIm4K03S5VDh4d5lZAtTWfc3D1RuETtuQCn8129nYfJfDdF7P/lwcz1BlA==
    dependencies:
      array-back "^2.0.0"
      chalk "^2.4.1"
      table-layout "^0.4.3"
      typical "^2.6.1"
  
  common-log-format@~0.1.3:
    version "0.1.4"
    resolved "https://registry.yarnpkg.com/common-log-format/-/common-log-format-0.1.4.tgz#39ba6ccb5c46c2f89aa92f232866d18f18075ba9"
    integrity sha512-BXcgq+wzr2htmBmnT7cL7YHzPAWketWbr4kozjoM9kWe4sk3+zMgjcH0HO+EddjDlEw2LZysqLpVRwbF318tDw==
  
  compressible@^2.0.0:
    version "2.0.16"
    resolved "https://registry.yarnpkg.com/compressible/-/compressible-2.0.16.tgz#a49bf9858f3821b64ce1be0296afc7380466a77f"
    integrity sha512-JQfEOdnI7dASwCuSPWIeVYwc/zMsu/+tRhoUvEfXz2gxOA2DNjmG5vhtFdBlhWPPGo+RdT9S3tgc/uH5qgDiiA==
    dependencies:
      mime-db ">= 1.38.0 < 2"
  
  concat-map@0.0.1:
    version "0.0.1"
    resolved "https://registry.yarnpkg.com/concat-map/-/concat-map-0.0.1.tgz#d8a96bd77fd68df7793a73036a3ba0d5405d477b"
    integrity sha1-2Klr13/Wjfd5OnMDajug1UBdR3s=
  
  concat-stream@^1.6.0, concat-stream@^1.6.1, concat-stream@~1.6.0:
    version "1.6.2"
    resolved "https://registry.yarnpkg.com/concat-stream/-/concat-stream-1.6.2.tgz#904bdf194cd3122fc675c77fc4ac3d4ff0fd1a34"
    integrity sha512-27HBghJxjiZtIk3Ycvn/4kbJk/1uZuJFfuPEns6LaEvpvG1f0hTea8lilrouyo9mVc2GWdcEZ8OLoGmSADlrCw==
    dependencies:
      buffer-from "^1.0.0"
      inherits "^2.0.3"
      readable-stream "^2.2.2"
      typedarray "^0.0.6"
  
  console-browserify@^1.1.0:
    version "1.1.0"
    resolved "https://registry.yarnpkg.com/console-browserify/-/console-browserify-1.1.0.tgz#f0241c45730a9fc6323b206dbf38edc741d0bb10"
    integrity sha1-8CQcRXMKn8YyOyBtvzjtx0HQuxA=
    dependencies:
      date-now "^0.1.4"
  
  constants-browserify@~1.0.0:
    version "1.0.0"
    resolved "https://registry.yarnpkg.com/constants-browserify/-/constants-browserify-1.0.0.tgz#c20b96d8c617748aaf1c16021760cd27fcb8cb75"
    integrity sha1-wguW2MYXdIqvHBYCF2DNJ/y4y3U=
  
  content-disposition@~0.5.2:
    version "0.5.3"
    resolved "https://registry.yarnpkg.com/content-disposition/-/content-disposition-0.5.3.tgz#e130caf7e7279087c5616c2007d0485698984fbd"
    integrity sha512-ExO0774ikEObIAEV9kDo50o+79VCUdEB6n6lzKgGwupcVeRlhrj3qGAfwq8G6uBJjkqLrhT0qEYFcWng8z1z0g==
    dependencies:
      safe-buffer "5.1.2"
  
  content-type@^1.0.4:
    version "1.0.4"
    resolved "https://registry.yarnpkg.com/content-type/-/content-type-1.0.4.tgz#e138cc75e040c727b1966fe5e5f8c9aee256fe3b"
    integrity sha512-hIP3EEPs8tB9AT1L+NUqtwOAps4mk2Zob89MWXMHjHWg9milF/j4osnnQLXBCBFBk/tvIG/tUc9mOUJiPBhPXA==
  
  convert-source-map@~1.1.0:
    version "1.1.3"
    resolved "https://registry.yarnpkg.com/convert-source-map/-/convert-source-map-1.1.3.tgz#4829c877e9fe49b3161f3bf3673888e204699860"
    integrity sha1-SCnId+n+SbMWHzvzZziI4gRpmGA=
  
  cookies@~0.7.1:
    version "0.7.3"
    resolved "https://registry.yarnpkg.com/cookies/-/cookies-0.7.3.tgz#7912ce21fbf2e8c2da70cf1c3f351aecf59dadfa"
    integrity sha512-+gixgxYSgQLTaTIilDHAdlNPZDENDQernEMiIcZpYYP14zgHsCt4Ce1FEjFtcp6GefhozebB6orvhAAWx/IS0A==
    dependencies:
      depd "~1.1.2"
      keygrip "~1.0.3"
  
  copy-to@^2.0.1:
    version "2.0.1"
    resolved "https://registry.yarnpkg.com/copy-to/-/copy-to-2.0.1.tgz#2680fbb8068a48d08656b6098092bdafc906f4a5"
    integrity sha1-JoD7uAaKSNCGVrYJgJK9r8kG9KU=
  
  core-util-is@~1.0.0:
    version "1.0.2"
    resolved "https://registry.yarnpkg.com/core-util-is/-/core-util-is-1.0.2.tgz#b5fd54220aa2bc5ab57aab7140c940754503c1a7"
    integrity sha1-tf1UIgqivFq1eqtxQMlAdUUDwac=
  
  create-ecdh@^4.0.0:
    version "4.0.3"
    resolved "https://registry.yarnpkg.com/create-ecdh/-/create-ecdh-4.0.3.tgz#c9111b6f33045c4697f144787f9254cdc77c45ff"
    integrity sha512-GbEHQPMOswGpKXM9kCWVrremUcBmjteUaQ01T9rkKCPDXfUHX0IoP9LpHYo2NPFampa4e+/pFDc3jQdxrxQLaw==
    dependencies:
      bn.js "^4.1.0"
      elliptic "^6.0.0"
  
  create-hash@^1.1.0, create-hash@^1.1.2:
    version "1.2.0"
    resolved "https://registry.yarnpkg.com/create-hash/-/create-hash-1.2.0.tgz#889078af11a63756bcfb59bd221996be3a9ef196"
    integrity sha512-z00bCGNHDG8mHAkP7CtT1qVu+bFQUPjYq/4Iv3C3kWjTFV10zIjfSoeqXo9Asws8gwSHDGj/hl2u4OGIjapeCg==
    dependencies:
      cipher-base "^1.0.1"
      inherits "^2.0.1"
      md5.js "^1.3.4"
      ripemd160 "^2.0.1"
      sha.js "^2.4.0"
  
  create-hmac@^1.1.0, create-hmac@^1.1.2, create-hmac@^1.1.4:
    version "1.1.7"
    resolved "https://registry.yarnpkg.com/create-hmac/-/create-hmac-1.1.7.tgz#69170c78b3ab957147b2b8b04572e47ead2243ff"
    integrity sha512-MJG9liiZ+ogc4TzUwuvbER1JRdgvUFSB5+VR/g5h82fGaIRWMWddtKBHi7/sVhfjQZ6SehlyhvQYrcYkaUIpLg==
    dependencies:
      cipher-base "^1.0.3"
      create-hash "^1.1.0"
      inherits "^2.0.1"
      ripemd160 "^2.0.0"
      safe-buffer "^5.0.1"
      sha.js "^2.4.8"
  
  crypto-browserify@^3.0.0:
    version "3.12.0"
    resolved "https://registry.yarnpkg.com/crypto-browserify/-/crypto-browserify-3.12.0.tgz#396cf9f3137f03e4b8e532c58f698254e00f80ec"
    integrity sha512-fz4spIh+znjO2VjL+IdhEpRJ3YN6sMzITSBijk6FK2UvTqruSQW+/cCZTSNsMiZNvUeq0CqurF+dAbyiGOY6Wg==
    dependencies:
      browserify-cipher "^1.0.0"
      browserify-sign "^4.0.0"
      create-ecdh "^4.0.0"
      create-hash "^1.1.0"
      create-hmac "^1.1.0"
      diffie-hellman "^5.0.0"
      inherits "^2.0.1"
      pbkdf2 "^3.0.3"
      public-encrypt "^4.0.0"
      randombytes "^2.0.0"
      randomfill "^1.0.3"
  
  dash-ast@^1.0.0:
    version "1.0.0"
    resolved "https://registry.yarnpkg.com/dash-ast/-/dash-ast-1.0.0.tgz#12029ba5fb2f8aa6f0a861795b23c1b4b6c27d37"
    integrity sha512-Vy4dx7gquTeMcQR/hDkYLGUnwVil6vk4FOOct+djUnHOUWt+zJPJAaRIXaAFkPXtJjvlY7o3rfRu0/3hpnwoUA==
  
  date-now@^0.1.4:
    version "0.1.4"
    resolved "https://registry.yarnpkg.com/date-now/-/date-now-0.1.4.tgz#eaf439fd4d4848ad74e5cc7dbef200672b9e345b"
    integrity sha1-6vQ5/U1ISK105cx9vvIAZyueNFs=
  
  debug@*:
    version "4.1.1"
    resolved "https://registry.yarnpkg.com/debug/-/debug-4.1.1.tgz#3b72260255109c6b589cee050f1d516139664791"
    integrity sha512-pYAIzeRo8J6KPEaJ0VWOh5Pzkbw/RetuzehGM7QRRX5he4fPHx2rdKMB256ehJCkX+XRQm16eZLqLNS8RSZXZw==
    dependencies:
      ms "^2.1.1"
  
  debug@2.6.9, debug@^2.6.3:
    version "2.6.9"
    resolved "https://registry.yarnpkg.com/debug/-/debug-2.6.9.tgz#5d128515df134ff327e90a4c93f4e077a536341f"
    integrity sha512-bC7ElrdJaJnPbAP+1EotYvqZsb3ecl5wi6Bfi6BJTUcNowp6cvspg0jXznRTKDjm/E7AdgFBVeAPVMNcKGsHMA==
    dependencies:
      ms "2.0.0"
  
  debug@^3.1.0:
    version "3.2.6"
    resolved "https://registry.yarnpkg.com/debug/-/debug-3.2.6.tgz#e83d17de16d8a7efb7717edbe5fb10135eee629b"
    integrity sha512-mel+jf7nrtEl5Pn1Qx46zARXKDpBbvzezse7p7LqINmdoIk8PYP5SySaxEmYv6TZ0JyEKA1hsCId6DIhgITtWQ==
    dependencies:
      ms "^2.1.1"
  
  debug@~3.1.0:
    version "3.1.0"
    resolved "https://registry.yarnpkg.com/debug/-/debug-3.1.0.tgz#5bb5a0672628b64149566ba16819e61518c67261"
    integrity sha512-OX8XqP7/1a9cqkxYw2yXss15f26NKWBpDXQd0/uK/KPqdQhxbPa994hnzjcE2VqQpDslf55723cKPUOGSmMY3g==
    dependencies:
      ms "2.0.0"
  
  deep-equal@~1.0.1:
    version "1.0.1"
    resolved "https://registry.yarnpkg.com/deep-equal/-/deep-equal-1.0.1.tgz#f5d260292b660e084eff4cdbc9f08ad3247448b5"
    integrity sha1-9dJgKStmDghO/0zbyfCK0yR0SLU=
  
  deep-extend@~0.6.0:
    version "0.6.0"
    resolved "https://registry.yarnpkg.com/deep-extend/-/deep-extend-0.6.0.tgz#c4fa7c95404a17a9c3e8ca7e1537312b736330ac"
    integrity sha512-LOHxIOaPYdHlJRtCQfDIVZtfw/ufM8+rVj649RIHzcm/vGwQRXFt6OPqIFWsm2XEMrNIEtWR64sY1LEKD2vAOA==
  
  defer-promise@^1.0.1:
    version "1.0.2"
    resolved "https://registry.yarnpkg.com/defer-promise/-/defer-promise-1.0.2.tgz#b79521c59cadadaed2d305385d30f8b05cbf9196"
    integrity sha512-5a0iWJvnon50nLLqHPW83pX45BLb4MmlSa1sIg05NBhZoK5EZGz1s8qoZ3888dVGGOT0Ni01NdETuAgdJUZknA==
  
  defined@^1.0.0:
    version "1.0.0"
    resolved "https://registry.yarnpkg.com/defined/-/defined-1.0.0.tgz#c98d9bcef75674188e110969151199e39b1fa693"
    integrity sha1-yY2bzvdWdBiOEQlpFRGZ45sfppM=
  
  delegates@^1.0.0:
    version "1.0.0"
    resolved "https://registry.yarnpkg.com/delegates/-/delegates-1.0.0.tgz#84c6e159b81904fdca59a0ef44cd870d31250f9a"
    integrity sha1-hMbhWbgZBP3KWaDvRM2HDTElD5o=
  
  depd@^1.1.2, depd@~1.1.2:
    version "1.1.2"
    resolved "https://registry.yarnpkg.com/depd/-/depd-1.1.2.tgz#9bcd52e14c097763e749b274c4346ed2e560b5a9"
    integrity sha1-m81S4UwJd2PnSbJ0xDRu0uVgtak=
  
  deps-sort@^2.0.0:
    version "2.0.0"
    resolved "https://registry.yarnpkg.com/deps-sort/-/deps-sort-2.0.0.tgz#091724902e84658260eb910748cccd1af6e21fb5"
    integrity sha1-CRckkC6EZYJg65EHSMzNGvbiH7U=
    dependencies:
      JSONStream "^1.0.3"
      shasum "^1.0.0"
      subarg "^1.0.0"
      through2 "^2.0.0"
  
  des.js@^1.0.0:
    version "1.0.0"
    resolved "https://registry.yarnpkg.com/des.js/-/des.js-1.0.0.tgz#c074d2e2aa6a8a9a07dbd61f9a15c2cd83ec8ecc"
    integrity sha1-wHTS4qpqipoH29YfmhXCzYPsjsw=
    dependencies:
      inherits "^2.0.1"
      minimalistic-assert "^1.0.0"
  
  destroy@^1.0.4:
    version "1.0.4"
    resolved "https://registry.yarnpkg.com/destroy/-/destroy-1.0.4.tgz#978857442c44749e4206613e37946205826abd80"
    integrity sha1-l4hXRCxEdJ5CBmE+N5RiBYJqvYA=
  
  detective@^5.0.2:
    version "5.2.0"
    resolved "https://registry.yarnpkg.com/detective/-/detective-5.2.0.tgz#feb2a77e85b904ecdea459ad897cc90a99bd2a7b"
    integrity sha512-6SsIx+nUUbuK0EthKjv0zrdnajCCXVYGmbYYiYjFVpzcjwEs/JMDZ8tPRG29J/HhN56t3GJp2cGSWDRjjot8Pg==
    dependencies:
      acorn-node "^1.6.1"
      defined "^1.0.0"
      minimist "^1.1.1"
  
  diffie-hellman@^5.0.0:
    version "5.0.3"
    resolved "https://registry.yarnpkg.com/diffie-hellman/-/diffie-hellman-5.0.3.tgz#40e8ee98f55a2149607146921c63e1ae5f3d2875"
    integrity sha512-kqag/Nl+f3GwyK25fhUMYj81BUOrZ9IuJsjIcDE5icNM9FJHAVm3VcUDxdLPoQtTuUylWm6ZIknYJwwaPxsUzg==
    dependencies:
      bn.js "^4.1.0"
      miller-rabin "^4.0.0"
      randombytes "^2.0.0"
  
  domain-browser@^1.2.0:
    version "1.2.0"
    resolved "https://registry.yarnpkg.com/domain-browser/-/domain-browser-1.2.0.tgz#3d31f50191a6749dd1375a7f522e823d42e54eda"
    integrity sha512-jnjyiM6eRyZl2H+W8Q/zLMA481hzi0eszAaBUzIVnmYVDBbnLxVNnfu1HgEBvCbL+71FrxMl3E6lpKH7Ge3OXA==
  
  duplexer2@^0.1.2, duplexer2@~0.1.0, duplexer2@~0.1.2:
    version "0.1.4"
    resolved "https://registry.yarnpkg.com/duplexer2/-/duplexer2-0.1.4.tgz#8b12dab878c0d69e3e7891051662a32fc6bddcc1"
    integrity sha1-ixLauHjA1p4+eJEFFmKjL8a93ME=
    dependencies:
      readable-stream "^2.0.2"
  
  ee-first@1.1.1:
    version "1.1.1"
    resolved "https://registry.yarnpkg.com/ee-first/-/ee-first-1.1.1.tgz#590c61156b0ae2f4f0255732a158b266bc56b21d"
    integrity sha1-WQxhFWsK4vTwJVcyoViyZrxWsh0=
  
  elliptic@^6.0.0:
    version "6.4.1"
    resolved "https://registry.yarnpkg.com/elliptic/-/elliptic-6.4.1.tgz#c2d0b7776911b86722c632c3c06c60f2f819939a"
    integrity sha512-BsXLz5sqX8OHcsh7CqBMztyXARmGQ3LWPtGjJi6DiJHq5C/qvi9P3OqgswKSDftbu8+IoI/QDTAm2fFnQ9SZSQ==
    dependencies:
      bn.js "^4.4.0"
      brorand "^1.0.1"
      hash.js "^1.0.0"
      hmac-drbg "^1.0.0"
      inherits "^2.0.1"
      minimalistic-assert "^1.0.0"
      minimalistic-crypto-utils "^1.0.0"
  
  error-inject@^1.0.0:
    version "1.0.0"
    resolved "https://registry.yarnpkg.com/error-inject/-/error-inject-1.0.0.tgz#e2b3d91b54aed672f309d950d154850fa11d4f37"
    integrity sha1-4rPZG1Su1nLzCdlQ0VSFD6EdTzc=
  
  escape-html@^1.0.3, escape-html@~1.0.3:
    version "1.0.3"
    resolved "https://registry.yarnpkg.com/escape-html/-/escape-html-1.0.3.tgz#0258eae4d3d0c0974de1c169188ef0051d1d1988"
    integrity sha1-Aljq5NPQwJdN4cFpGI7wBR0dGYg=
  
  escape-string-regexp@^1.0.5:
    version "1.0.5"
    resolved "https://registry.yarnpkg.com/escape-string-regexp/-/escape-string-regexp-1.0.5.tgz#1b61c0562190a8dff6ae3bb2cf0200ca130b86d4"
    integrity sha1-G2HAViGQqN/2rjuyzwIAyhMLhtQ=
  
  etag@^1.3.0:
    version "1.8.1"
    resolved "https://registry.yarnpkg.com/etag/-/etag-1.8.1.tgz#41ae2eeb65efa62268aebfea83ac7d79299b0887"
    integrity sha1-Qa4u62XvpiJorr/qg6x9eSmbCIc=
  
  eventemitter2@~0.4.13:
    version "0.4.14"
    resolved "https://registry.yarnpkg.com/eventemitter2/-/eventemitter2-0.4.14.tgz#8f61b75cde012b2e9eb284d4545583b5643b61ab"
    integrity sha1-j2G3XN4BKy6esoTUVFWDtWQ7Yas=
  
  events@^2.0.0:
    version "2.1.0"
    resolved "https://registry.yarnpkg.com/events/-/events-2.1.0.tgz#2a9a1e18e6106e0e812aa9ebd4a819b3c29c0ba5"
    integrity sha512-3Zmiobend8P9DjmKAty0Era4jV8oJ0yGYe2nJJAxgymF9+N8F2m0hhZiMoWtcfepExzNKZumFU3ksdQbInGWCg==
  
  evp_bytestokey@^1.0.0, evp_bytestokey@^1.0.3:
    version "1.0.3"
    resolved "https://registry.yarnpkg.com/evp_bytestokey/-/evp_bytestokey-1.0.3.tgz#7fcbdb198dc71959432efe13842684e0525acb02"
    integrity sha512-/f2Go4TognH/KvCISP7OUsHn85hT9nUkxxA9BEWxFn+Oj9o8ZNLm/40hdlgSLyuOimsrTKLUMEorQexp/aPQeA==
    dependencies:
      md5.js "^1.3.4"
      safe-buffer "^5.1.1"
  
  fast-diff@~1.0.0:
    version "1.0.1"
    resolved "https://registry.yarnpkg.com/fast-diff/-/fast-diff-1.0.1.tgz#76532d5b8e49f6770fd464658628f9ed47eb5ac8"
    integrity sha1-dlMtW45J9ncP1GRlhij57UfrWsg=
  
  find-replace@^3.0.0:
    version "3.0.0"
    resolved "https://registry.yarnpkg.com/find-replace/-/find-replace-3.0.0.tgz#3e7e23d3b05167a76f770c9fbd5258b0def68c38"
    integrity sha512-6Tb2myMioCAgv5kfvP5/PkZZ/ntTpVK39fHY7WkWBgvbeE+VHd/tZuZ4mrC+bxh4cfOZeYKVPaJIZtZXV7GNCQ==
    dependencies:
      array-back "^3.0.1"
  
  fresh@~0.5.2:
    version "0.5.2"
    resolved "https://registry.yarnpkg.com/fresh/-/fresh-0.5.2.tgz#3d8cadd90d976569fa835ab1f8e4b23a105605a7"
    integrity sha1-PYyt2Q2XZWn6g1qx+OSyOhBWBac=
  
  fs.realpath@^1.0.0:
    version "1.0.0"
    resolved "https://registry.yarnpkg.com/fs.realpath/-/fs.realpath-1.0.0.tgz#1504ad2523158caa40db4a2787cb01411994ea4f"
    integrity sha1-FQStJSMVjKpA20onh8sBQRmU6k8=
  
  function-bind@^1.1.1:
    version "1.1.1"
    resolved "https://registry.yarnpkg.com/function-bind/-/function-bind-1.1.1.tgz#a56899d3ea3c9bab874bb9773b7c5ede92f4895d"
    integrity sha512-yIovAzMX49sF8Yl58fSCWJ5svSLuaibPxXQJFLmBObTuCr0Mf1KiPopGM9NiFjiYBCbfaa2Fh6breQ6ANVTI0A==
  
  get-assigned-identifiers@^1.2.0:
    version "1.2.0"
    resolved "https://registry.yarnpkg.com/get-assigned-identifiers/-/get-assigned-identifiers-1.2.0.tgz#6dbf411de648cbaf8d9169ebb0d2d576191e2ff1"
    integrity sha512-mBBwmeGTrxEMO4pMaaf/uUEFHnYtwr8FTe8Y/mer4rcV/bye0qGm6pw1bGZFGStxC5O76c5ZAVBGnqHmOaJpdQ==
  
  glob@^7.1.0:
    version "7.1.3"
    resolved "https://registry.yarnpkg.com/glob/-/glob-7.1.3.tgz#3960832d3f1574108342dafd3a67b332c0969df1"
    integrity sha512-vcfuiIxogLV4DlGBHIUOwI0IbrJ8HWPc4MU7HzviGeNho/UJDfi6B5p3sHeWIQ0KGIU0Jpxi5ZHxemQfLkkAwQ==
    dependencies:
      fs.realpath "^1.0.0"
      inflight "^1.0.4"
      inherits "2"
      minimatch "^3.0.4"
      once "^1.3.0"
      path-is-absolute "^1.0.0"
  
  has-flag@^3.0.0:
    version "3.0.0"
    resolved "https://registry.yarnpkg.com/has-flag/-/has-flag-3.0.0.tgz#b5d454dc2199ae225699f3467e5a07f3b955bafd"
    integrity sha1-tdRU3CGZriJWmfNGfloH87lVuv0=
  
  has@^1.0.0:
    version "1.0.3"
    resolved "https://registry.yarnpkg.com/has/-/has-1.0.3.tgz#722d7cbfc1f6aa8241f16dd814e011e1f41e8796"
    integrity sha512-f2dvO0VU6Oej7RkWJGrehjbzMAjFp5/VKPp5tTpWIV4JHHZK1/BxbFRtf/siA2SWTe09caDmVtYYzWEIbBS4zw==
    dependencies:
      function-bind "^1.1.1"
  
  hash-base@^3.0.0:
    version "3.0.4"
    resolved "https://registry.yarnpkg.com/hash-base/-/hash-base-3.0.4.tgz#5fc8686847ecd73499403319a6b0a3f3f6ae4918"
    integrity sha1-X8hoaEfs1zSZQDMZprCj8/auSRg=
    dependencies:
      inherits "^2.0.1"
      safe-buffer "^5.0.1"
  
  hash.js@^1.0.0, hash.js@^1.0.3:
    version "1.1.7"
    resolved "https://registry.yarnpkg.com/hash.js/-/hash.js-1.1.7.tgz#0babca538e8d4ee4a0f8988d68866537a003cf42"
    integrity sha512-taOaskGt4z4SOANNseOviYDvjEJinIkRgmp7LbKP2YTTmVxWBl87s/uzK9r+44BclBSp2X7K1hqeNfz9JbBeXA==
    dependencies:
      inherits "^2.0.3"
      minimalistic-assert "^1.0.1"
  
  hmac-drbg@^1.0.0:
    version "1.0.1"
    resolved "https://registry.yarnpkg.com/hmac-drbg/-/hmac-drbg-1.0.1.tgz#d2745701025a6c775a6c545793ed502fc0c649a1"
    integrity sha1-0nRXAQJabHdabFRXk+1QL8DGSaE=
    dependencies:
      hash.js "^1.0.3"
      minimalistic-assert "^1.0.0"
      minimalistic-crypto-utils "^1.0.1"
  
  htmlescape@^1.1.0:
    version "1.1.1"
    resolved "https://registry.yarnpkg.com/htmlescape/-/htmlescape-1.1.1.tgz#3a03edc2214bca3b66424a3e7959349509cb0351"
    integrity sha1-OgPtwiFLyjtmQko+eVk0lQnLA1E=
  
  http-assert@^1.3.0:
    version "1.4.0"
    resolved "https://registry.yarnpkg.com/http-assert/-/http-assert-1.4.0.tgz#0e550b4fca6adf121bbeed83248c17e62f593a9a"
    integrity sha512-tPVv62a6l3BbQoM/N5qo969l0OFxqpnQzNUPeYfTP6Spo4zkgWeDBD1D5thI7sDLg7jCCihXTLB0X8UtdyAy8A==
    dependencies:
      deep-equal "~1.0.1"
      http-errors "~1.7.1"
  
  http-errors@1.7.2, http-errors@^1.6.1, http-errors@^1.6.3, http-errors@~1.7.1:
    version "1.7.2"
    resolved "https://registry.yarnpkg.com/http-errors/-/http-errors-1.7.2.tgz#4f5029cf13239f31036e5b2e55292bcfbcc85c8f"
    integrity sha512-uUQBt3H/cSIVfch6i1EuPNy/YsRSOUBXTVfZ+yR7Zjez3qjBz6i9+i4zjNaoqcoFVI4lQJ5plg63TvGfRSDCRg==
    dependencies:
      depd "~1.1.2"
      inherits "2.0.3"
      setprototypeof "1.1.1"
      statuses ">= 1.5.0 < 2"
      toidentifier "1.0.0"
  
  http-errors@~1.6.2:
    version "1.6.3"
    resolved "https://registry.yarnpkg.com/http-errors/-/http-errors-1.6.3.tgz#8b55680bb4be283a0b5bf4ea2e38580be1d9320d"
    integrity sha1-i1VoC7S+KDoLW/TqLjhYC+HZMg0=
    dependencies:
      depd "~1.1.2"
      inherits "2.0.3"
      setprototypeof "1.1.0"
      statuses ">= 1.4.0 < 2"
  
  https-browserify@^1.0.0:
    version "1.0.0"
    resolved "https://registry.yarnpkg.com/https-browserify/-/https-browserify-1.0.0.tgz#ec06c10e0a34c0f2faf199f7fd7fc78fffd03c73"
    integrity sha1-7AbBDgo0wPL68Zn3/X/Hj//QPHM=
  
  iconv-lite@0.4.24:
    version "0.4.24"
    resolved "https://registry.yarnpkg.com/iconv-lite/-/iconv-lite-0.4.24.tgz#2022b4b25fbddc21d2f524974a474aafe733908b"
    integrity sha512-v3MXnZAcvnywkTUEZomIActle7RXXeedOR31wwl7VlyoXO4Qi9arvSenNQWne1TcRwhCL1HwLI21bEqdpj8/rA==
    dependencies:
      safer-buffer ">= 2.1.2 < 3"
  
  ieee754@^1.1.4:
    version "1.1.13"
    resolved "https://registry.yarnpkg.com/ieee754/-/ieee754-1.1.13.tgz#ec168558e95aa181fd87d37f55c32bbcb6708b84"
    integrity sha512-4vf7I2LYV/HaWerSo3XmlMkp5eZ83i+/CDluXi/IGTs/O1sejBNhTtnxzmRZfvOUqj7lZjqHkeTvpgSFDlWZTg==
  
  inflation@^2.0.0:
    version "2.0.0"
    resolved "https://registry.yarnpkg.com/inflation/-/inflation-2.0.0.tgz#8b417e47c28f925a45133d914ca1fd389107f30f"
    integrity sha1-i0F+R8KPklpFEz2RTKH9OJEH8w8=
  
  inflight@^1.0.4:
    version "1.0.6"
    resolved "https://registry.yarnpkg.com/inflight/-/inflight-1.0.6.tgz#49bd6331d7d02d0c09bc910a1075ba8165b56df9"
    integrity sha1-Sb1jMdfQLQwJvJEKEHW6gWW1bfk=
    dependencies:
      once "^1.3.0"
      wrappy "1"
  
  inherits@2, inherits@2.0.3, inherits@^2.0.1, inherits@^2.0.3, inherits@~2.0.1, inherits@~2.0.3:
    version "2.0.3"
    resolved "https://registry.yarnpkg.com/inherits/-/inherits-2.0.3.tgz#633c2c83e3da42a502f52466022480f4208261de"
    integrity sha1-Yzwsg+PaQqUC9SRmAiSA9CCCYd4=
  
  inherits@2.0.1:
    version "2.0.1"
    resolved "https://registry.yarnpkg.com/inherits/-/inherits-2.0.1.tgz#b17d08d326b4423e568eff719f91b0b1cbdf69f1"
    integrity sha1-sX0I0ya0Qj5Wjv9xn5GwscvfafE=
  
  inline-source-map@~0.6.0:
    version "0.6.2"
    resolved "https://registry.yarnpkg.com/inline-source-map/-/inline-source-map-0.6.2.tgz#f9393471c18a79d1724f863fa38b586370ade2a5"
    integrity sha1-+Tk0ccGKedFyT4Y/o4tYY3Ct4qU=
    dependencies:
      source-map "~0.5.3"
  
  insert-module-globals@^7.0.0:
    version "7.2.0"
    resolved "https://registry.yarnpkg.com/insert-module-globals/-/insert-module-globals-7.2.0.tgz#ec87e5b42728479e327bd5c5c71611ddfb4752ba"
    integrity sha512-VE6NlW+WGn2/AeOMd496AHFYmE7eLKkUY6Ty31k4og5vmA3Fjuwe9v6ifH6Xx/Hz27QvdoMoviw1/pqWRB09Sw==
    dependencies:
      JSONStream "^1.0.3"
      acorn-node "^1.5.2"
      combine-source-map "^0.8.0"
      concat-stream "^1.6.1"
      is-buffer "^1.1.0"
      path-is-absolute "^1.0.1"
      process "~0.11.0"
      through2 "^2.0.0"
      undeclared-identifiers "^1.1.2"
      xtend "^4.0.0"
  
  is-buffer@^1.1.0:
    version "1.1.6"
    resolved "https://registry.yarnpkg.com/is-buffer/-/is-buffer-1.1.6.tgz#efaa2ea9daa0d7ab2ea13a97b2b8ad51fefbe8be"
    integrity sha512-NcdALwpXkTm5Zvvbk7owOUSvVvBKDgKP5/ewfXEznmQFfs4ZRmanOeKBTjRVjka3QFoN6XJ+9F3USqfHqTaU5w==
  
  is-generator-function@^1.0.7:
    version "1.0.7"
    resolved "https://registry.yarnpkg.com/is-generator-function/-/is-generator-function-1.0.7.tgz#d2132e529bb0000a7f80794d4bdf5cd5e5813522"
    integrity sha512-YZc5EwyO4f2kWCax7oegfuSr9mFz1ZvieNYBEjmukLxgXfBUbxAWGVF7GZf0zidYtoBl3WvC07YK0wT76a+Rtw==
  
  is-wsl@^1.1.0:
    version "1.1.0"
    resolved "https://registry.yarnpkg.com/is-wsl/-/is-wsl-1.1.0.tgz#1f16e4aa22b04d1336b66188a66af3c600c3a66d"
    integrity sha1-HxbkqiKwTRM2tmGIpmrzxgDDpm0=
  
  isarray@0.0.1:
    version "0.0.1"
    resolved "https://registry.yarnpkg.com/isarray/-/isarray-0.0.1.tgz#8a18acfca9a8f4177e09abfc6038939b05d1eedf"
    integrity sha1-ihis/Kmo9Bd+Cav8YDiTmwXR7t8=
  
  isarray@^2.0.4:
    version "2.0.4"
    resolved "https://registry.yarnpkg.com/isarray/-/isarray-2.0.4.tgz#38e7bcbb0f3ba1b7933c86ba1894ddfc3781bbb7"
    integrity sha512-GMxXOiUirWg1xTKRipM0Ek07rX+ubx4nNVElTJdNLYmNO/2YrDkgJGw9CljXn+r4EWiDQg/8lsRdHyg2PJuUaA==
  
  isarray@~1.0.0:
    version "1.0.0"
    resolved "https://registry.yarnpkg.com/isarray/-/isarray-1.0.0.tgz#bb935d48582cba168c06834957a54a3e07124f11"
    integrity sha1-u5NdSFgsuhaMBoNJV6VKPgcSTxE=
  
  json-stable-stringify@~0.0.0:
    version "0.0.1"
    resolved "https://registry.yarnpkg.com/json-stable-stringify/-/json-stable-stringify-0.0.1.tgz#611c23e814db375527df851193db59dd2af27f45"
    integrity sha1-YRwj6BTbN1Un34URk9tZ3Sryf0U=
    dependencies:
      jsonify "~0.0.0"
  
  json-stringify-safe@5:
    version "5.0.1"
    resolved "https://registry.yarnpkg.com/json-stringify-safe/-/json-stringify-safe-5.0.1.tgz#1296a2d58fd45f19a0f6ce01d65701e2c735b6eb"
    integrity sha1-Epai1Y/UXxmg9s4B1lcB4sc1tus=
  
  jsonify@~0.0.0:
    version "0.0.0"
    resolved "https://registry.yarnpkg.com/jsonify/-/jsonify-0.0.0.tgz#2c74b6ee41d93ca51b7b5aaee8f503631d252a73"
    integrity sha1-LHS27kHZPKUbe1qu6PUDYx0lKnM=
  
  jsonparse@^1.2.0:
    version "1.3.1"
    resolved "https://registry.yarnpkg.com/jsonparse/-/jsonparse-1.3.1.tgz#3f4dae4a91fac315f71062f8521cc239f1366280"
    integrity sha1-P02uSpH6wxX3EGL4UhzCOfE2YoA=
  
  keygrip@~1.0.3:
    version "1.0.3"
    resolved "https://registry.yarnpkg.com/keygrip/-/keygrip-1.0.3.tgz#399d709f0aed2bab0a059e0cdd3a5023a053e1dc"
    integrity sha512-/PpesirAIfaklxUzp4Yb7xBper9MwP6hNRA6BGGUFCgbJ+BM5CKBtsoxinNXkLHAr+GXS1/lSlF2rP7cv5Fl+g==
  
  koa-bodyparser@^4.2.0:
    version "4.2.1"
    resolved "https://registry.yarnpkg.com/koa-bodyparser/-/koa-bodyparser-4.2.1.tgz#4d7dacb5e6db1106649b595d9e5ccb158b6f3b29"
    integrity sha512-UIjPAlMZfNYDDe+4zBaOAUKYqkwAGcIU6r2ARf1UOXPAlfennQys5IiShaVeNf7KkVBlf88f2LeLvBFvKylttw==
    dependencies:
      co-body "^6.0.0"
      copy-to "^2.0.1"
  
  koa-compose@^3.0.0:
    version "3.2.1"
    resolved "https://registry.yarnpkg.com/koa-compose/-/koa-compose-3.2.1.tgz#a85ccb40b7d986d8e5a345b3a1ace8eabcf54de7"
    integrity sha1-qFzLQLfZhtjlo0Wzoazo6rz1Tec=
    dependencies:
      any-promise "^1.1.0"
  
  koa-compose@^4.1.0:
    version "4.1.0"
    resolved "https://registry.yarnpkg.com/koa-compose/-/koa-compose-4.1.0.tgz#507306b9371901db41121c812e923d0d67d3e877"
    integrity sha512-8ODW8TrDuMYvXRwra/Kh7/rJo9BtOfPc6qO8eAfC80CnCvSjSl0bkRM24X6/XBBEyj0v1nRUQ1LyOy3dbqOWXw==
  
  koa-compress@^2.0.0:
    version "2.0.0"
    resolved "https://registry.yarnpkg.com/koa-compress/-/koa-compress-2.0.0.tgz#7b7eb2921b847746b5e122ba9f5cd8a671e8ea3a"
    integrity sha1-e36ykhuEd0a14SK6n1zYpnHo6jo=
    dependencies:
      bytes "^2.3.0"
      compressible "^2.0.0"
      koa-is-json "^1.0.0"
      statuses "^1.0.0"
  
  koa-conditional-get@^2.0.0:
    version "2.0.0"
    resolved "https://registry.yarnpkg.com/koa-conditional-get/-/koa-conditional-get-2.0.0.tgz#a43f3723c1d014b730a34ece8adf30b93c8233f2"
    integrity sha1-pD83I8HQFLcwo07Oit8wuTyCM/I=
  
  koa-convert@^1.2.0:
    version "1.2.0"
    resolved "https://registry.yarnpkg.com/koa-convert/-/koa-convert-1.2.0.tgz#da40875df49de0539098d1700b50820cebcd21d0"
    integrity sha1-2kCHXfSd4FOQmNFwC1CCDOvNIdA=
    dependencies:
      co "^4.6.0"
      koa-compose "^3.0.0"
  
  koa-etag@^3.0.0:
    version "3.0.0"
    resolved "https://registry.yarnpkg.com/koa-etag/-/koa-etag-3.0.0.tgz#9ef7382ddd5a82ab0deb153415c915836f771d3f"
    integrity sha1-nvc4Ld1agqsN6xU0FckVg293HT8=
    dependencies:
      etag "^1.3.0"
      mz "^2.1.0"
  
  koa-is-json@1, koa-is-json@^1.0.0:
    version "1.0.0"
    resolved "https://registry.yarnpkg.com/koa-is-json/-/koa-is-json-1.0.0.tgz#273c07edcdcb8df6a2c1ab7d59ee76491451ec14"
    integrity sha1-JzwH7c3Ljfaiwat9We52SRRR7BQ=
  
  koa-json@^2.0.2:
    version "2.0.2"
    resolved "https://registry.yarnpkg.com/koa-json/-/koa-json-2.0.2.tgz#36af14e6ea1f5d646d7c44a285701c6f85a4fde4"
    integrity sha1-Nq8U5uofXWRtfESihXAcb4Wk/eQ=
    dependencies:
      koa-is-json "1"
      streaming-json-stringify "3"
  
  koa-mock-response@0.2.0:
    version "0.2.0"
    resolved "https://registry.yarnpkg.com/koa-mock-response/-/koa-mock-response-0.2.0.tgz#a216490ce75f227fcef3a4b03374e5915e216029"
    integrity sha512-HmybRN1a3WqcSFvf7tycu2YhBIEHeqzm8bwcsShNWGsTgP86coZOpdI8aqYm/1DFsAQMctnpdWrva4rDr1Pibg==
    dependencies:
      array-back "^2.0.0"
      path-to-regexp "^1.7.0"
      typical "^2.6.1"
  
  koa-morgan@^1.0.1:
    version "1.0.1"
    resolved "https://registry.yarnpkg.com/koa-morgan/-/koa-morgan-1.0.1.tgz#08052e0ce0d839d3c43178b90a5bb3424bef1f99"
    integrity sha1-CAUuDODYOdPEMXi5CluzQkvvH5k=
    dependencies:
      morgan "^1.6.1"
  
  koa-range@^0.3.0:
    version "0.3.0"
    resolved "https://registry.yarnpkg.com/koa-range/-/koa-range-0.3.0.tgz#3588e3496473a839a1bd264d2a42b1d85bd7feac"
    integrity sha1-NYjjSWRzqDmhvSZNKkKx2FvX/qw=
    dependencies:
      stream-slice "^0.1.2"
  
  koa-rewrite-75lb@^2.1.1:
    version "2.1.1"
    resolved "https://registry.yarnpkg.com/koa-rewrite-75lb/-/koa-rewrite-75lb-2.1.1.tgz#0dd21290d2857330116f3a0e9f7e2db5c313de8d"
    integrity sha512-i9ofDKLs0xNCb2PW7wKGFzBFX6+Ce3aKoZzNKPh0fkejeUOTWkkDqnjXrgqrJEP2ifX6WWsHp6VtGuXzSYLSWQ==
    dependencies:
      path-to-regexp "1.7.0"
  
  koa-route@^3.2.0:
    version "3.2.0"
    resolved "https://registry.yarnpkg.com/koa-route/-/koa-route-3.2.0.tgz#76298b99a6bcfa9e38cab6fe5c79a8733e758bce"
    integrity sha1-dimLmaa8+p44yrb+XHmocz51i84=
    dependencies:
      debug "*"
      methods "~1.1.0"
      path-to-regexp "^1.2.0"
  
  koa-send@^4.1.3:
    version "4.1.3"
    resolved "https://registry.yarnpkg.com/koa-send/-/koa-send-4.1.3.tgz#0822207bbf5253a414c8f1765ebc29fa41353cb6"
    integrity sha512-3UetMBdaXSiw24qM2Mx5mKmxLKw5ZTPRjACjfhK6Haca55RKm9hr/uHDrkrxhSl5/S1CKI/RivZVIopiatZuTA==
    dependencies:
      debug "^2.6.3"
      http-errors "^1.6.1"
      mz "^2.6.0"
      resolve-path "^1.4.0"
  
  koa-static@^4.0.2:
    version "4.0.3"
    resolved "https://registry.yarnpkg.com/koa-static/-/koa-static-4.0.3.tgz#5f93ad00fb1905db9ce46667c0e8bb7d22abfcd8"
    integrity sha512-JGmxTuPWy4bH7bt6gD/OMWkhprawvRmzJSr8TWKmTL4N7+IMv3s0SedeQi5S4ilxM9Bo6ptkCyXj/7wf+VS5tg==
    dependencies:
      debug "^3.1.0"
      koa-send "^4.1.3"
  
  koa@^2.6.2:
    version "2.7.0"
    resolved "https://registry.yarnpkg.com/koa/-/koa-2.7.0.tgz#7e00843506942b9d82c6cc33749f657c6e5e7adf"
    integrity sha512-7ojD05s2Q+hFudF8tDLZ1CpCdVZw8JQELWSkcfG9bdtoTDzMmkRF6BQBU7JzIzCCOY3xd3tftiy/loHBUYaY2Q==
    dependencies:
      accepts "^1.3.5"
      cache-content-type "^1.0.0"
      content-disposition "~0.5.2"
      content-type "^1.0.4"
      cookies "~0.7.1"
      debug "~3.1.0"
      delegates "^1.0.0"
      depd "^1.1.2"
      destroy "^1.0.4"
      error-inject "^1.0.0"
      escape-html "^1.0.3"
      fresh "~0.5.2"
      http-assert "^1.3.0"
      http-errors "^1.6.3"
      is-generator-function "^1.0.7"
      koa-compose "^4.1.0"
      koa-convert "^1.2.0"
      koa-is-json "^1.0.0"
      on-finished "^2.3.0"
      only "~0.0.2"
      parseurl "^1.3.2"
      statuses "^1.5.0"
      type-is "^1.6.16"
      vary "^1.1.2"
  
  labeled-stream-splicer@^2.0.0:
    version "2.0.1"
    resolved "https://registry.yarnpkg.com/labeled-stream-splicer/-/labeled-stream-splicer-2.0.1.tgz#9cffa32fd99e1612fd1d86a8db962416d5292926"
    integrity sha512-MC94mHZRvJ3LfykJlTUipBqenZz1pacOZEMhhQ8dMGcDHs0SBE5GbsavUXV7YtP3icBW17W0Zy1I0lfASmo9Pg==
    dependencies:
      inherits "^2.0.1"
      isarray "^2.0.4"
      stream-splicer "^2.0.0"
  
  load-module@^1.0.0:
    version "1.0.0"
    resolved "https://registry.yarnpkg.com/load-module/-/load-module-1.0.0.tgz#d65fbe51f1c1df37231399dcd81d784af473eb9b"
    integrity sha512-FmoAJI/RM4vmvIRk65g/SFCnGQC9BbALY3zy38Z0cMllNnra1+iCdxAf051LVymzE60/FweOo9or9XJiGgFshg==
    dependencies:
      array-back "^2.0.0"
  
  local-web-server@^2.6.1:
    version "2.6.1"
    resolved "https://registry.yarnpkg.com/local-web-server/-/local-web-server-2.6.1.tgz#6c96bc3193edb00b5ba1d483607a71af6d5509e7"
    integrity sha512-KglUDD5jy3CMJ88E04aDjY6mRm387G2MX1XZI1bM6+dzrjLWKHURbef896tw7w7KI997r5UT0Y6NUm8To11/tQ==
    dependencies:
      lws "^1.3.0"
      lws-basic-auth "^0.1.1"
      lws-blacklist "^0.3.0"
      lws-body-parser "^0.2.4"
      lws-compress "^0.2.1"
      lws-conditional-get "^0.3.4"
      lws-cors "^1.0.0"
      lws-index "^0.4.0"
      lws-json "^0.3.2"
      lws-log "^0.3.2"
      lws-mime "^0.2.2"
      lws-mock-response "^0.5.1"
      lws-range "^1.1.0"
      lws-request-monitor "^0.1.5"
      lws-rewrite "^0.4.1"
      lws-spa "^0.3.0"
      lws-static "^0.5.0"
      node-version-matches "^1.0.0"
  
  lodash.assignwith@^4.2.0:
    version "4.2.0"
    resolved "https://registry.yarnpkg.com/lodash.assignwith/-/lodash.assignwith-4.2.0.tgz#127a97f02adc41751a954d24b0de17e100e038eb"
    integrity sha1-EnqX8CrcQXUalU0ksN4X4QDgOOs=
  
  lodash.camelcase@^4.3.0:
    version "4.3.0"
    resolved "https://registry.yarnpkg.com/lodash.camelcase/-/lodash.camelcase-4.3.0.tgz#b28aa6288a2b9fc651035c7711f65ab6190331a6"
    integrity sha1-soqmKIorn8ZRA1x3EfZathkDMaY=
  
  lodash.memoize@~3.0.3:
    version "3.0.4"
    resolved "https://registry.yarnpkg.com/lodash.memoize/-/lodash.memoize-3.0.4.tgz#2dcbd2c287cbc0a55cc42328bd0c736150d53e3f"
    integrity sha1-LcvSwofLwKVcxCMovQxzYVDVPj8=
  
  lodash.padend@^4.6.1:
    version "4.6.1"
    resolved "https://registry.yarnpkg.com/lodash.padend/-/lodash.padend-4.6.1.tgz#53ccba047d06e158d311f45da625f4e49e6f166e"
    integrity sha1-U8y6BH0G4VjTEfRdpiX05J5vFm4=
  
  lodash.pick@^4.4.0:
    version "4.4.0"
    resolved "https://registry.yarnpkg.com/lodash.pick/-/lodash.pick-4.4.0.tgz#52f05610fff9ded422611441ed1fc123a03001b3"
    integrity sha1-UvBWEP/53tQiYRRB7R/BI6AwAbM=
  
  lodash.throttle@^4.1.1:
    version "4.1.1"
    resolved "https://registry.yarnpkg.com/lodash.throttle/-/lodash.throttle-4.1.1.tgz#c23e91b710242ac70c37f1e1cda9274cc39bf2f4"
    integrity sha1-wj6RtxAkKscMN/HhzaknTMOb8vQ=
  
  lodash@~2.4.1:
    version "2.4.2"
    resolved "https://registry.yarnpkg.com/lodash/-/lodash-2.4.2.tgz#fadd834b9683073da179b3eae6d9c0d15053f73e"
    integrity sha1-+t2DS5aDBz2hebPq5tnA0VBT9z4=
  
  lws-basic-auth@^0.1.1:
    version "0.1.1"
    resolved "https://registry.yarnpkg.com/lws-basic-auth/-/lws-basic-auth-0.1.1.tgz#d28856060572695b3811941d9f038517c4dbb34d"
    integrity sha512-npPpqkOFzJzB9yJ2pGXmiYOswH+0n86ro75WhromeGuNo0GfE18ZLI/VCOVWmBbeXp2pcnPIMUAdkNSgukpAww==
    dependencies:
      basic-auth "^1.1.0"
  
  lws-blacklist@^0.3.0:
    version "0.3.0"
    resolved "https://registry.yarnpkg.com/lws-blacklist/-/lws-blacklist-0.3.0.tgz#34d925a96fd4c8b8b13781e8bb08f98d91f54e80"
    integrity sha512-ZA8dujYaZwRNMBhgP+oGsZi9tum44Ba6VHsA3JrV1JVrjZ8c65kLaO/41rLBqQDKP3SDPu7dLity4YLwe1FuNQ==
    dependencies:
      array-back "^2.0.0"
      path-to-regexp "^2.2.0"
  
  lws-body-parser@^0.2.4:
    version "0.2.4"
    resolved "https://registry.yarnpkg.com/lws-body-parser/-/lws-body-parser-0.2.4.tgz#5c93907cc02f571d59628e2fdfc6a454c4ed1d14"
    integrity sha512-XKJzbzK97TUsewIPA5J2RpEk7kRoJcL+/Du6JlwzqIq84tWuXMfiT2a4Ncj12+tRWrdY2avV6d8uLhqlHLz1yg==
    dependencies:
      koa-bodyparser "^4.2.0"
  
  lws-compress@^0.2.1:
    version "0.2.1"
    resolved "https://registry.yarnpkg.com/lws-compress/-/lws-compress-0.2.1.tgz#7cb3cfab94d4e0488a6be4c8b706b78e29b2d673"
    integrity sha512-14++1o6U8upi3DLx9J2O2sFELsijEJF9utoFxSH4Stoo9SdU2Cxw6BtqQTrb9SEA6O6IsApzstdMYnq8floLSg==
    dependencies:
      koa-compress "^2.0.0"
  
  lws-conditional-get@^0.3.4:
    version "0.3.4"
    resolved "https://registry.yarnpkg.com/lws-conditional-get/-/lws-conditional-get-0.3.4.tgz#d3e52f26ef6c13a261008922d67d8f6056888efa"
    integrity sha512-6asZSfM747snhdz4xexRllm09pebz8pjYeg2d5khLR53D/OJznZWHsIqW0JGiScJObri2D7+H4z7yRLBjokT7g==
    dependencies:
      koa-conditional-get "^2.0.0"
      koa-etag "^3.0.0"
  
  lws-cors@^1.0.0:
    version "1.0.0"
    resolved "https://registry.yarnpkg.com/lws-cors/-/lws-cors-1.0.0.tgz#32a0d4a34b5e331f878632cb853f237b4a002b90"
    integrity sha512-4C0m4lvYdAnpAa03tr9AqziB4d8SRPh4beQBuzPiefv7N9/tpVdrl9kgXrUe1hLHhISnVJ5MoOZuZ6wFeMiU4g==
    dependencies:
      "@koa/cors" "^2.2.1"
  
  lws-index@^0.4.0:
    version "0.4.0"
    resolved "https://registry.yarnpkg.com/lws-index/-/lws-index-0.4.0.tgz#8cfe2433cbbb7c50f00508000cee1404dd18a194"
    integrity sha512-k+mkqgMSzx1ipzVpaxsAJU4Qe7R1kp1B/u+qC+d1Y3l+auBz+bLcIxL4dYKfaxLqiz0IFwg1dZwGzVm/dd7FFw==
    dependencies:
      serve-index-75lb "^2.0.0"
  
  lws-json@^0.3.2:
    version "0.3.2"
    resolved "https://registry.yarnpkg.com/lws-json/-/lws-json-0.3.2.tgz#4356aefb0544c8310a8dc77913d1353d536130c7"
    integrity sha512-ElmCA8hi3GPMfxbtiI015PDHuJovhhcbXX/qTTTifXhopedAzIBzn/rF5dHZHE4k7HQDYfbiaPgPMbmpv9dMvQ==
    dependencies:
      koa-json "^2.0.2"
  
  lws-log@^0.3.2:
    version "0.3.2"
    resolved "https://registry.yarnpkg.com/lws-log/-/lws-log-0.3.2.tgz#167b8dfe32e15788c01418c34129cd2cfe88338d"
    integrity sha512-DRp4bFl4a7hjwR/RjARjhFLEXs8pIeqKbUvojaAl1hhfRBuW2JsDxRSKC+ViQN06CW4Qypg3ZsztMMR8dRO8dA==
    dependencies:
      koa-morgan "^1.0.1"
      stream-log-stats "^2.0.2"
  
  lws-mime@^0.2.2:
    version "0.2.2"
    resolved "https://registry.yarnpkg.com/lws-mime/-/lws-mime-0.2.2.tgz#f2b2d4bd668f7f7ea336bd660dcd49fe0050df5e"
    integrity sha512-cWBj9CuuSvvaqdYMPiXRid0QhzJmr+5gWAA96pEDOiW8tMCMoxl7CIgTpHXZwhJzCqdI84RZDVm+FswByATS5w==
  
  lws-mock-response@^0.5.1:
    version "0.5.1"
    resolved "https://registry.yarnpkg.com/lws-mock-response/-/lws-mock-response-0.5.1.tgz#3c322cc2f3287839aceabbeebae5b5fdbed253d7"
    integrity sha512-4R5Q1RmRglC0pqEwywrS5g62aKaLQsteMnShGmWU9aQ/737Bq0/3qbQ3mb8VbMk3lLzo3ZaNZ1DUsPgVvZaXNQ==
    dependencies:
      array-back "^2.0.0"
      koa-mock-response "0.2.0"
      load-module "^1.0.0"
      reduce-flatten "^2.0.0"
  
  lws-range@^1.1.0:
    version "1.1.1"
    resolved "https://registry.yarnpkg.com/lws-range/-/lws-range-1.1.1.tgz#f54583462d0d5d9efd1a805a5dbc5b221e063dc1"
    integrity sha512-pg+UI3/Y5niQA4+HjBrHRtxWm9oExICC9GX5IhrmDnDSrwR1rNw3wukWlgIX0ZFmAqZt1Gs0Td1qI2hkFMcutg==
    dependencies:
      koa-range "^0.3.0"
  
  lws-request-monitor@^0.1.5:
    version "0.1.5"
    resolved "https://registry.yarnpkg.com/lws-request-monitor/-/lws-request-monitor-0.1.5.tgz#fa075f038e853868c60c82b84b11dd693da4eda6"
    integrity sha512-u9eczHPowH17ftUjQ8ysutGDADNZdDD6k8wgFMzOB7/rRq1Is12lTYA4u8pfKZ8C2oyoy+HYsDSrOzTwespTlA==
    dependencies:
      byte-size "^4.0.2"
  
  lws-rewrite@^0.4.1:
    version "0.4.1"
    resolved "https://registry.yarnpkg.com/lws-rewrite/-/lws-rewrite-0.4.1.tgz#f64bad93e1203cf651e7b2267a69438ea6ef5a3e"
    integrity sha512-EHUdbqfdwc4Baa7iXOdG2y815WC040Cing1GwhM9VsBL7lHtZ7zl3EHzjWFv3styoO3qNqZ4W0xCey4hoo/aYg==
    dependencies:
      array-back "^2.0.0"
      koa-rewrite-75lb "^2.1.1"
      koa-route "^3.2.0"
      path-to-regexp "^1.7.0"
      req-then "^0.6.4"
      stream-read-all "^0.1.2"
      typical "^2.6.1"
  
  lws-spa@^0.3.0:
    version "0.3.0"
    resolved "https://registry.yarnpkg.com/lws-spa/-/lws-spa-0.3.0.tgz#82ab359db40adaaa00c9a14399944f2e9d3f58d0"
    integrity sha512-8wxZl5dOI/CQsJ6oOG8Y7B4khjlQXfB7GlVkjYFPuOYM+JIw/QzMvezKjKweG0qGePmHJVHWa38+CyololV4aw==
    dependencies:
      koa-route "^3.2.0"
      koa-send "^4.1.3"
  
  lws-static@^0.5.0:
    version "0.5.0"
    resolved "https://registry.yarnpkg.com/lws-static/-/lws-static-0.5.0.tgz#f32936e3be220683a6889f237433940b6a73cc15"
    integrity sha512-r3QIeJfBox/hSJLSL7TPhNSZsTKE0r4mWYHbGZ+DwrBcKbLt1ljsh5NAtmJpsqCcjYpyOuD/DlsZ0yQY9VI8bA==
    dependencies:
      koa-static "^4.0.2"
  
  lws@^1.3.0:
    version "1.3.1"
    resolved "https://registry.yarnpkg.com/lws/-/lws-1.3.1.tgz#ee0acfe5bd9a75e3400513b9657b11edd2651219"
    integrity sha512-K4WEK4OdJdvceqzYSN231AfdNCr7punKZckUNw3I4HXx7QlbfNms14rmazPRhmw+BoRYVa1IYNcwivBD6MgcXg==
    dependencies:
      ansi-escape-sequences "^4.0.1"
      array-back "^3.0.1"
      byte-size "^5.0.1"
      cli-commands "^0.4.0"
      command-line-args "^5.0.2"
      command-line-usage "^5.0.5"
      koa "^2.6.2"
      load-module "^1.0.0"
      lodash.assignwith "^4.2.0"
      node-version-matches "^1.0.1"
      opn "^5.4.0"
      reduce-flatten "^2.0.0"
      typical "^3.0.0"
      walk-back "^3.0.1"
      ws "^5.2.1"
  
  md5.js@^1.3.4:
    version "1.3.5"
    resolved "https://registry.yarnpkg.com/md5.js/-/md5.js-1.3.5.tgz#b5d07b8e3216e3e27cd728d72f70d1e6a342005f"
    integrity sha512-xitP+WxNPcTTOgnTJcrhM0xvdPepipPSf3I8EIpGKeFLjt3PlJLIDG3u8EX53ZIubkb+5U2+3rELYpEhHhzdkg==
    dependencies:
      hash-base "^3.0.0"
      inherits "^2.0.1"
      safe-buffer "^5.1.2"
  
  media-typer@0.3.0:
    version "0.3.0"
    resolved "https://registry.yarnpkg.com/media-typer/-/media-typer-0.3.0.tgz#8710d7af0aa626f8fffa1ce00168545263255748"
    integrity sha1-hxDXrwqmJvj/+hzgAWhUUmMlV0g=
  
  methods@~1.1.0:
    version "1.1.2"
    resolved "https://registry.yarnpkg.com/methods/-/methods-1.1.2.tgz#5529a4d67654134edcc5266656835b0f851afcee"
    integrity sha1-VSmk1nZUE07cxSZmVoNbD4Ua/O4=
  
  miller-rabin@^4.0.0:
    version "4.0.1"
    resolved "https://registry.yarnpkg.com/miller-rabin/-/miller-rabin-4.0.1.tgz#f080351c865b0dc562a8462966daa53543c78a4d"
    integrity sha512-115fLhvZVqWwHPbClyntxEVfVDfl9DLLTuJvq3g2O/Oxi8AiNouAHvDSzHS0viUJc+V5vm3eq91Xwqn9dp4jRA==
    dependencies:
      bn.js "^4.0.0"
      brorand "^1.0.1"
  
  "mime-db@>= 1.38.0 < 2", mime-db@~1.39.0:
    version "1.39.0"
    resolved "https://registry.yarnpkg.com/mime-db/-/mime-db-1.39.0.tgz#f95a20275742f7d2ad0429acfe40f4233543780e"
    integrity sha512-DTsrw/iWVvwHH+9Otxccdyy0Tgiil6TWK/xhfARJZF/QFhwOgZgOIvA2/VIGpM8U7Q8z5nDmdDWC6tuVMJNibw==
  
  mime-types@^2.1.18, mime-types@~2.1.18:
    version "2.1.23"
    resolved "https://registry.yarnpkg.com/mime-types/-/mime-types-2.1.23.tgz#d4eacd87de99348a6858fe1e479aad877388d977"
    integrity sha512-ROk/m+gMVSrRxTkMlaQOvFmFmYDc7sZgrjjM76abqmd2Cc5fCV7jAMA5XUccEtJ3cYiYdgixUVI+fApc2LkXlw==
    dependencies:
      mime-db "~1.39.0"
  
  minimalistic-assert@^1.0.0, minimalistic-assert@^1.0.1:
    version "1.0.1"
    resolved "https://registry.yarnpkg.com/minimalistic-assert/-/minimalistic-assert-1.0.1.tgz#2e194de044626d4a10e7f7fbc00ce73e83e4d5c7"
    integrity sha512-UtJcAD4yEaGtjPezWuO9wC4nwUnVH/8/Im3yEHQP4b67cXlD/Qr9hdITCU1xDbSEXg2XKNaP8jsReV7vQd00/A==
  
  minimalistic-crypto-utils@^1.0.0, minimalistic-crypto-utils@^1.0.1:
    version "1.0.1"
    resolved "https://registry.yarnpkg.com/minimalistic-crypto-utils/-/minimalistic-crypto-utils-1.0.1.tgz#f6c00c1c0b082246e5c4d99dfb8c7c083b2b582a"
    integrity sha1-9sAMHAsIIkblxNmd+4x8CDsrWCo=
  
  minimatch@^3.0.4:
    version "3.0.4"
    resolved "https://registry.yarnpkg.com/minimatch/-/minimatch-3.0.4.tgz#5166e286457f03306064be5497e8dbb0c3d32083"
    integrity sha512-yJHVQEhyqPLUTgt9B83PXu6W3rx4MvvHvSUvToogpwoGDOUQ+yDrR0HRot+yOCdCO7u4hX3pWft6kWBBcqh0UA==
    dependencies:
      brace-expansion "^1.1.7"
  
  minimist@0.0.8:
    version "0.0.8"
    resolved "https://registry.yarnpkg.com/minimist/-/minimist-0.0.8.tgz#857fcabfc3397d2625b8228262e86aa7a011b05d"
    integrity sha1-hX/Kv8M5fSYluCKCYuhqp6ARsF0=
  
  minimist@^1.1.0, minimist@^1.1.1:
    version "1.2.0"
    resolved "https://registry.yarnpkg.com/minimist/-/minimist-1.2.0.tgz#a35008b20f41383eec1fb914f4cd5df79a264284"
    integrity sha1-o1AIsg9BOD7sH7kU9M1d95omQoQ=
  
  mkdirp@^0.5.0:
    version "0.5.1"
    resolved "https://registry.yarnpkg.com/mkdirp/-/mkdirp-0.5.1.tgz#30057438eac6cf7f8c4767f38648d6697d75c903"
    integrity sha1-MAV0OOrGz3+MR2fzhkjWaX11yQM=
    dependencies:
      minimist "0.0.8"
  
  module-deps@^6.0.0:
    version "6.2.0"
    resolved "https://registry.yarnpkg.com/module-deps/-/module-deps-6.2.0.tgz#d41a2e790245ce319171e4e7c4d8c73993ba3cd5"
    integrity sha512-hKPmO06so6bL/ZvqVNVqdTVO8UAYsi3tQWlCa+z9KuWhoN4KDQtb5hcqQQv58qYiDE21wIvnttZEPiDgEbpwbA==
    dependencies:
      JSONStream "^1.0.3"
      browser-resolve "^1.7.0"
      cached-path-relative "^1.0.0"
      concat-stream "~1.6.0"
      defined "^1.0.0"
      detective "^5.0.2"
      duplexer2 "^0.1.2"
      inherits "^2.0.1"
      parents "^1.0.0"
      readable-stream "^2.0.2"
      resolve "^1.4.0"
      stream-combiner2 "^1.1.1"
      subarg "^1.0.0"
      through2 "^2.0.0"
      xtend "^4.0.0"
  
  morgan@^1.6.1:
    version "1.9.1"
    resolved "https://registry.yarnpkg.com/morgan/-/morgan-1.9.1.tgz#0a8d16734a1d9afbc824b99df87e738e58e2da59"
    integrity sha512-HQStPIV4y3afTiCYVxirakhlCfGkI161c76kKFca7Fk1JusM//Qeo1ej2XaMniiNeaZklMVrh3vTtIzpzwbpmA==
    dependencies:
      basic-auth "~2.0.0"
      debug "2.6.9"
      depd "~1.1.2"
      on-finished "~2.3.0"
      on-headers "~1.0.1"
  
  ms@2.0.0:
    version "2.0.0"
    resolved "https://registry.yarnpkg.com/ms/-/ms-2.0.0.tgz#5608aeadfc00be6c2901df5f9861788de0d597c8"
    integrity sha1-VgiurfwAvmwpAd9fmGF4jeDVl8g=
  
  ms@^2.1.1:
    version "2.1.1"
    resolved "https://registry.yarnpkg.com/ms/-/ms-2.1.1.tgz#30a5864eb3ebb0a66f2ebe6d727af06a09d86e0a"
    integrity sha512-tgp+dl5cGk28utYktBsrFqA7HKgrhgPsg6Z/EfhWI4gl1Hwq8B/GmY/0oXZ6nF8hDVesS/FpnYaD/kOWhYQvyg==
  
  mz@^2.1.0, mz@^2.6.0:
    version "2.7.0"
    resolved "https://registry.yarnpkg.com/mz/-/mz-2.7.0.tgz#95008057a56cafadc2bc63dde7f9ff6955948e32"
    integrity sha512-z81GNO7nnYMEhrGh9LeymoE4+Yr0Wn5McHIZMK5cfQCl+NDX08sCZgUc9/6MHni9IWuFLm1Z3HTCXu2z9fN62Q==
    dependencies:
      any-promise "^1.0.0"
      object-assign "^4.0.1"
      thenify-all "^1.0.0"
  
  negotiator@0.6.1:
    version "0.6.1"
    resolved "https://registry.yarnpkg.com/negotiator/-/negotiator-0.6.1.tgz#2b327184e8992101177b28563fb5e7102acd0ca9"
    integrity sha1-KzJxhOiZIQEXeyhWP7XnECrNDKk=
  
  node-version-matches@^1.0.0, node-version-matches@^1.0.1:
    version "1.0.1"
    resolved "https://registry.yarnpkg.com/node-version-matches/-/node-version-matches-1.0.1.tgz#16f30d5dddb32914151af77f45d6378f59070268"
    integrity sha512-L1GRq9vkwvJkOdJynEph63N1gNdKRsThm6CkLn+8X9mFzmDv63iEMkZETVkcWVJowpqK72lNVuMZmeenhDoRhw==
    dependencies:
      semver "^5.6.0"
  
  object-assign@^4.0.1:
    version "4.1.1"
    resolved "https://registry.yarnpkg.com/object-assign/-/object-assign-4.1.1.tgz#2109adc7965887cfc05cbbd442cac8bfbb360863"
    integrity sha1-IQmtx5ZYh8/AXLvUQsrIv7s2CGM=
  
  on-finished@^2.3.0, on-finished@~2.3.0:
    version "2.3.0"
    resolved "https://registry.yarnpkg.com/on-finished/-/on-finished-2.3.0.tgz#20f1336481b083cd75337992a16971aa2d906947"
    integrity sha1-IPEzZIGwg811M3mSoWlxqi2QaUc=
    dependencies:
      ee-first "1.1.1"
  
  on-headers@~1.0.1:
    version "1.0.2"
    resolved "https://registry.yarnpkg.com/on-headers/-/on-headers-1.0.2.tgz#772b0ae6aaa525c399e489adfad90c403eb3c28f"
    integrity sha512-pZAE+FJLoyITytdqK0U5s+FIpjN0JP3OzFi/u8Rx+EV5/W+JTWGXG8xFzevE7AjBfDqHv/8vL8qQsIhHnqRkrA==
  
  once@^1.3.0:
    version "1.4.0"
    resolved "https://registry.yarnpkg.com/once/-/once-1.4.0.tgz#583b1aa775961d4b113ac17d9c50baef9dd76bd1"
    integrity sha1-WDsap3WWHUsROsF9nFC6753Xa9E=
    dependencies:
      wrappy "1"
  
  only@~0.0.2:
    version "0.0.2"
    resolved "https://registry.yarnpkg.com/only/-/only-0.0.2.tgz#2afde84d03e50b9a8edc444e30610a70295edfb4"
    integrity sha1-Kv3oTQPlC5qO3EROMGEKcCle37Q=
  
  opn@^5.4.0:
    version "5.5.0"
    resolved "https://registry.yarnpkg.com/opn/-/opn-5.5.0.tgz#fc7164fab56d235904c51c3b27da6758ca3b9bfc"
    integrity sha512-PqHpggC9bLV0VeWcdKhkpxY+3JTzetLSqTCWL/z/tFIbI6G8JCjondXklT1JinczLz2Xib62sSp0T/gKT4KksA==
    dependencies:
      is-wsl "^1.1.0"
  
  os-browserify@~0.3.0:
    version "0.3.0"
    resolved "https://registry.yarnpkg.com/os-browserify/-/os-browserify-0.3.0.tgz#854373c7f5c2315914fc9bfc6bd8238fdda1ec27"
    integrity sha1-hUNzx/XCMVkU/Jv8a9gjj92h7Cc=
  
  pako@~1.0.5:
    version "1.0.10"
    resolved "https://registry.yarnpkg.com/pako/-/pako-1.0.10.tgz#4328badb5086a426aa90f541977d4955da5c9732"
    integrity sha512-0DTvPVU3ed8+HNXOu5Bs+o//Mbdj9VNQMUOe9oKCwh8l0GNwpTDMKCWbRjgtD291AWnkAgkqA/LOnQS8AmS1tw==
  
  parents@^1.0.0, parents@^1.0.1:
    version "1.0.1"
    resolved "https://registry.yarnpkg.com/parents/-/parents-1.0.1.tgz#fedd4d2bf193a77745fe71e371d73c3307d9c751"
    integrity sha1-/t1NK/GTp3dF/nHjcdc8MwfZx1E=
    dependencies:
      path-platform "~0.11.15"
  
  parse-asn1@^5.0.0:
    version "5.1.4"
    resolved "https://registry.yarnpkg.com/parse-asn1/-/parse-asn1-5.1.4.tgz#37f6628f823fbdeb2273b4d540434a22f3ef1fcc"
    integrity sha512-Qs5duJcuvNExRfFZ99HDD3z4mAi3r9Wl/FOjEOijlxwCZs7E7mW2vjTpgQ4J8LpTF8x5v+1Vn5UQFejmWT11aw==
    dependencies:
      asn1.js "^4.0.0"
      browserify-aes "^1.0.0"
      create-hash "^1.1.0"
      evp_bytestokey "^1.0.0"
      pbkdf2 "^3.0.3"
      safe-buffer "^5.1.1"
  
  parseurl@^1.3.2, parseurl@~1.3.2:
    version "1.3.3"
    resolved "https://registry.yarnpkg.com/parseurl/-/parseurl-1.3.3.tgz#9da19e7bee8d12dff0513ed5b76957793bc2e8d4"
    integrity sha512-CiyeOxFT/JZyN5m0z9PfXw4SCBJ6Sygz1Dpl0wqjlhDEGGBP1GnsUVEL0p63hoG1fcj3fHynXi9NYO4nWOL+qQ==
  
  path-browserify@~0.0.0:
    version "0.0.1"
    resolved "https://registry.yarnpkg.com/path-browserify/-/path-browserify-0.0.1.tgz#e6c4ddd7ed3aa27c68a20cc4e50e1a4ee83bbc4a"
    integrity sha512-BapA40NHICOS+USX9SN4tyhq+A2RrN/Ws5F0Z5aMHDp98Fl86lX8Oti8B7uN93L4Ifv4fHOEA+pQw87gmMO/lQ==
  
  path-is-absolute@1.0.1, path-is-absolute@^1.0.0, path-is-absolute@^1.0.1:
    version "1.0.1"
    resolved "https://registry.yarnpkg.com/path-is-absolute/-/path-is-absolute-1.0.1.tgz#174b9268735534ffbc7ace6bf53a5a9e1b5c5f5f"
    integrity sha1-F0uSaHNVNP+8es5r9TpanhtcX18=
  
  path-parse@^1.0.6:
    version "1.0.6"
    resolved "https://registry.yarnpkg.com/path-parse/-/path-parse-1.0.6.tgz#d62dbb5679405d72c4737ec58600e9ddcf06d24c"
    integrity sha512-GSmOT2EbHrINBf9SR7CDELwlJ8AENk3Qn7OikK4nFYAu3Ote2+JYNVvkpAEQm3/TLNEJFD/xZJjzyxg3KBWOzw==
  
  path-platform@~0.11.15:
    version "0.11.15"
    resolved "https://registry.yarnpkg.com/path-platform/-/path-platform-0.11.15.tgz#e864217f74c36850f0852b78dc7bf7d4a5721bf2"
    integrity sha1-6GQhf3TDaFDwhSt43Hv31KVyG/I=
  
  path-to-regexp@1.7.0, path-to-regexp@^1.2.0, path-to-regexp@^1.7.0:
    version "1.7.0"
    resolved "https://registry.yarnpkg.com/path-to-regexp/-/path-to-regexp-1.7.0.tgz#59fde0f435badacba103a84e9d3bc64e96b9937d"
    integrity sha1-Wf3g9DW62suhA6hOnTvGTpa5k30=
    dependencies:
      isarray "0.0.1"
  
  path-to-regexp@^2.2.0:
    version "2.4.0"
    resolved "https://registry.yarnpkg.com/path-to-regexp/-/path-to-regexp-2.4.0.tgz#35ce7f333d5616f1c1e1bfe266c3aba2e5b2e704"
    integrity sha512-G6zHoVqC6GGTQkZwF4lkuEyMbVOjoBKAEybQUypI1WTkqinCOrq2x6U2+phkJ1XsEMTy4LjtwPI7HW+NVrRR2w==
  
  pbkdf2@^3.0.3:
    version "3.0.17"
    resolved "https://registry.yarnpkg.com/pbkdf2/-/pbkdf2-3.0.17.tgz#976c206530617b14ebb32114239f7b09336e93a6"
    integrity sha512-U/il5MsrZp7mGg3mSQfn742na2T+1/vHDCG5/iTI3X9MKUuYUZVLQhyRsg06mCgDBTd57TxzgZt7P+fYfjRLtA==
    dependencies:
      create-hash "^1.1.2"
      create-hmac "^1.1.4"
      ripemd160 "^2.0.1"
      safe-buffer "^5.0.1"
      sha.js "^2.4.8"
  
  process-nextick-args@~2.0.0:
    version "2.0.0"
    resolved "https://registry.yarnpkg.com/process-nextick-args/-/process-nextick-args-2.0.0.tgz#a37d732f4271b4ab1ad070d35508e8290788ffaa"
    integrity sha512-MtEC1TqN0EU5nephaJ4rAtThHtC86dNN9qCuEhtshvpVBkAW5ZO7BASN9REnF9eoXGcRub+pFuKEpOHE+HbEMw==
  
  process@~0.11.0:
    version "0.11.10"
    resolved "https://registry.yarnpkg.com/process/-/process-0.11.10.tgz#7332300e840161bda3e69a1d1d91a7d4bc16f182"
    integrity sha1-czIwDoQBYb2j5podHZGn1LwW8YI=
  
  public-encrypt@^4.0.0:
    version "4.0.3"
    resolved "https://registry.yarnpkg.com/public-encrypt/-/public-encrypt-4.0.3.tgz#4fcc9d77a07e48ba7527e7cbe0de33d0701331e0"
    integrity sha512-zVpa8oKZSz5bTMTFClc1fQOnyyEzpl5ozpi1B5YcvBrdohMjH2rfsBtyXcuNuwjsDIXmBYlF2N5FlJYhR29t8Q==
    dependencies:
      bn.js "^4.1.0"
      browserify-rsa "^4.0.0"
      create-hash "^1.1.0"
      parse-asn1 "^5.0.0"
      randombytes "^2.0.1"
      safe-buffer "^5.1.2"
  
  punycode@1.3.2:
    version "1.3.2"
    resolved "https://registry.yarnpkg.com/punycode/-/punycode-1.3.2.tgz#9653a036fb7c1ee42342f2325cceefea3926c48d"
    integrity sha1-llOgNvt8HuQjQvIyXM7v6jkmxI0=
  
  punycode@^1.3.2:
    version "1.4.1"
    resolved "https://registry.yarnpkg.com/punycode/-/punycode-1.4.1.tgz#c0d5a63b2718800ad8e1eb0fa5269c84dd41845e"
    integrity sha1-wNWmOycYgArY4esPpSachN1BhF4=
  
  qs@^6.5.2:
    version "6.7.0"
    resolved "https://registry.yarnpkg.com/qs/-/qs-6.7.0.tgz#41dc1a015e3d581f1621776be31afb2876a9b1bc"
    integrity sha512-VCdBRNFTX1fyE7Nb6FYoURo/SPe62QCaAyzJvUjwRaIsc+NePBEniHlvxFmmX56+HZphIGtV0XeCirBtpDrTyQ==
  
  querystring-es3@~0.2.0:
    version "0.2.1"
    resolved "https://registry.yarnpkg.com/querystring-es3/-/querystring-es3-0.2.1.tgz#9ec61f79049875707d69414596fd907a4d711e73"
    integrity sha1-nsYfeQSYdXB9aUFFlv2Qek1xHnM=
  
  querystring@0.2.0:
    version "0.2.0"
    resolved "https://registry.yarnpkg.com/querystring/-/querystring-0.2.0.tgz#b209849203bb25df820da756e747005878521620"
    integrity sha1-sgmEkgO7Jd+CDadW50cAWHhSFiA=
  
  quilljs@^0.18.1:
    version "0.18.1"
    resolved "https://registry.yarnpkg.com/quilljs/-/quilljs-0.18.1.tgz#7d7696ed95e0e1db79c439e5924b6eea5f67706c"
    integrity sha1-fXaW7ZXg4dt5xDnlkktu6l9ncGw=
    dependencies:
      eventemitter2 "~0.4.13"
      lodash "~2.4.1"
      rich-text "~1.0.2"
  
  randombytes@^2.0.0, randombytes@^2.0.1, randombytes@^2.0.5:
    version "2.1.0"
    resolved "https://registry.yarnpkg.com/randombytes/-/randombytes-2.1.0.tgz#df6f84372f0270dc65cdf6291349ab7a473d4f2a"
    integrity sha512-vYl3iOX+4CKUWuxGi9Ukhie6fsqXqS9FE2Zaic4tNFD2N2QQaXOMFbuKK4QmDHC0JO6B1Zp41J0LpT0oR68amQ==
    dependencies:
      safe-buffer "^5.1.0"
  
  randomfill@^1.0.3:
    version "1.0.4"
    resolved "https://registry.yarnpkg.com/randomfill/-/randomfill-1.0.4.tgz#c92196fc86ab42be983f1bf31778224931d61458"
    integrity sha512-87lcbR8+MhcWcUiQ+9e+Rwx8MyR2P7qnt15ynUlbm3TU/fjbgz4GsvfSUDTemtCCtVCqb4ZcEFlyPNTh9bBTLw==
    dependencies:
      randombytes "^2.0.5"
      safe-buffer "^5.1.0"
  
  raw-body@^2.3.3:
    version "2.4.0"
    resolved "https://registry.yarnpkg.com/raw-body/-/raw-body-2.4.0.tgz#a1ce6fb9c9bc356ca52e89256ab59059e13d0332"
    integrity sha512-4Oz8DUIwdvoa5qMJelxipzi/iJIi40O5cGV1wNYp5hvZP8ZN0T+jiNkL0QepXs+EsQ9XJ8ipEDoiH70ySUJP3Q==
    dependencies:
      bytes "3.1.0"
      http-errors "1.7.2"
      iconv-lite "0.4.24"
      unpipe "1.0.0"
  
  read-only-stream@^2.0.0:
    version "2.0.0"
    resolved "https://registry.yarnpkg.com/read-only-stream/-/read-only-stream-2.0.0.tgz#2724fd6a8113d73764ac288d4386270c1dbf17f0"
    integrity sha1-JyT9aoET1zdkrCiNQ4YnDB2/F/A=
    dependencies:
      readable-stream "^2.0.2"
  
  readable-stream@2, readable-stream@^2.0.2, readable-stream@^2.2.2, readable-stream@^2.3.6, readable-stream@~2.3.6:
    version "2.3.6"
    resolved "https://registry.yarnpkg.com/readable-stream/-/readable-stream-2.3.6.tgz#b11c27d88b8ff1fbe070643cf94b0c79ae1b0aaf"
    integrity sha512-tQtKA9WIAhBF3+VLAseyMqZeBjW0AHJoxOtYqSUZNJxauErmLbVm2FW1y+J/YA9dUrAC39ITejlZWhVIwawkKw==
    dependencies:
      core-util-is "~1.0.0"
      inherits "~2.0.3"
      isarray "~1.0.0"
      process-nextick-args "~2.0.0"
      safe-buffer "~5.1.1"
      string_decoder "~1.1.1"
      util-deprecate "~1.0.1"
  
  reduce-flatten@^1.0.1:
    version "1.0.1"
    resolved "https://registry.yarnpkg.com/reduce-flatten/-/reduce-flatten-1.0.1.tgz#258c78efd153ddf93cb561237f61184f3696e327"
    integrity sha1-JYx479FT3fk8tWEjf2EYTzaW4yc=
  
  reduce-flatten@^2.0.0:
    version "2.0.0"
    resolved "https://registry.yarnpkg.com/reduce-flatten/-/reduce-flatten-2.0.0.tgz#734fd84e65f375d7ca4465c69798c25c9d10ae27"
    integrity sha512-EJ4UNY/U1t2P/2k6oqotuX2Cc3T6nxJwsM0N0asT7dhrtH1ltUxDn4NalSYmPE2rCkVpcf/X6R0wDwcFpzhd4w==
  
  req-then@^0.6.4:
    version "0.6.4"
    resolved "https://registry.yarnpkg.com/req-then/-/req-then-0.6.4.tgz#9f9c04626afd311ae01d727846a0a1075c0e1965"
    integrity sha512-Uf7xsK1qPqPUetESHemNQ7nGtgOxngSFtlcAOOkx0lDAo+XRZpEA9QDrGBdyOfGq4b+a0z/D5gR2VJ+pp/dzBA==
    dependencies:
      array-back "^2.0.0"
      defer-promise "^1.0.1"
      lodash.pick "^4.4.0"
      stream-read-all "^0.1.0"
      typical "^2.6.1"
  
  resolve-path@^1.4.0:
    version "1.4.0"
    resolved "https://registry.yarnpkg.com/resolve-path/-/resolve-path-1.4.0.tgz#c4bda9f5efb2fce65247873ab36bb4d834fe16f7"
    integrity sha1-xL2p9e+y/OZSR4c6s2u02DT+Fvc=
    dependencies:
      http-errors "~1.6.2"
      path-is-absolute "1.0.1"
  
  resolve@1.1.7:
    version "1.1.7"
    resolved "https://registry.yarnpkg.com/resolve/-/resolve-1.1.7.tgz#203114d82ad2c5ed9e8e0411b3932875e889e97b"
    integrity sha1-IDEU2CrSxe2ejgQRs5ModeiJ6Xs=
  
  resolve@^1.1.4, resolve@^1.4.0:
    version "1.10.0"
    resolved "https://registry.yarnpkg.com/resolve/-/resolve-1.10.0.tgz#3bdaaeaf45cc07f375656dfd2e54ed0810b101ba"
    integrity sha512-3sUr9aq5OfSg2S9pNtPA9hL1FVEAjvfOC4leW0SNf/mpnaakz2a9femSd6LqAww2RaFctwyf1lCqnTHuF1rxDg==
    dependencies:
      path-parse "^1.0.6"
  
  rich-text@~1.0.2:
    version "1.0.3"
    resolved "https://registry.yarnpkg.com/rich-text/-/rich-text-1.0.3.tgz#ac4d825f2fca123d8282842ed55fc57fc7b9c710"
    integrity sha1-rE2CXy/KEj2CgoQu1V/Ff8e5xxA=
    dependencies:
      fast-diff "~1.0.0"
  
  ripemd160@^2.0.0, ripemd160@^2.0.1:
    version "2.0.2"
    resolved "https://registry.yarnpkg.com/ripemd160/-/ripemd160-2.0.2.tgz#a1c1a6f624751577ba5d07914cbc92850585890c"
    integrity sha512-ii4iagi25WusVoiC4B4lq7pbXfAp3D9v5CwfkY33vffw2+pkDjY1D8GaN7spsxvCSx8dkPqOZCEZyfxcmJG2IA==
    dependencies:
      hash-base "^3.0.0"
      inherits "^2.0.1"
  
  safe-buffer@5.1.2, safe-buffer@^5.0.1, safe-buffer@^5.1.0, safe-buffer@^5.1.1, safe-buffer@^5.1.2, safe-buffer@~5.1.0, safe-buffer@~5.1.1:
    version "5.1.2"
    resolved "https://registry.yarnpkg.com/safe-buffer/-/safe-buffer-5.1.2.tgz#991ec69d296e0313747d59bdfd2b745c35f8828d"
    integrity sha512-Gd2UZBJDkXlY7GbJxfsE8/nvKkUEU1G38c1siN6QP6a9PT9MmHB8GnpscSmMJSoF8LOIrt8ud/wPtojys4G6+g==
  
  "safer-buffer@>= 2.1.2 < 3":
    version "2.1.2"
    resolved "https://registry.yarnpkg.com/safer-buffer/-/safer-buffer-2.1.2.tgz#44fa161b0187b9549dd84bb91802f9bd8385cd6a"
    integrity sha512-YZo3K82SD7Riyi0E1EQPojLz7kpepnSQI9IyPbHHg1XXXevb5dJI7tpyN2ADxGcQbHG7vcyRHk0cbwqcQriUtg==
  
  semver@^5.6.0:
    version "5.7.0"
    resolved "https://registry.yarnpkg.com/semver/-/semver-5.7.0.tgz#790a7cf6fea5459bac96110b29b60412dc8ff96b"
    integrity sha512-Ya52jSX2u7QKghxeoFGpLwCtGlt7j0oY9DYb5apt9nPlJ42ID+ulTXESnt/qAQcoSERyZ5sl3LDIOw0nAn/5DA==
  
  serve-index-75lb@^2.0.0:
    version "2.0.1"
    resolved "https://registry.yarnpkg.com/serve-index-75lb/-/serve-index-75lb-2.0.1.tgz#f07da6462df4cdcd49d8a14bba8f2b4b8a8dce1a"
    integrity sha512-/d9r8bqJlFQcwy0a0nb1KnWAA+Mno+V+VaoKocdkbW5aXKRQd/+4bfnRhQRQr6uEoYwTRJ4xgztOyCJvWcpBpQ==
    dependencies:
      accepts "~1.3.4"
      batch "0.6.1"
      debug "2.6.9"
      escape-html "~1.0.3"
      http-errors "~1.6.2"
      mime-types "~2.1.18"
      parseurl "~1.3.2"
  
  setprototypeof@1.1.0:
    version "1.1.0"
    resolved "https://registry.yarnpkg.com/setprototypeof/-/setprototypeof-1.1.0.tgz#d0bd85536887b6fe7c0d818cb962d9d91c54e656"
    integrity sha512-BvE/TwpZX4FXExxOxZyRGQQv651MSwmWKZGqvmPcRIjDqWub67kTKuIMx43cZZrS/cBBzwBcNDWoFxt2XEFIpQ==
  
  setprototypeof@1.1.1:
    version "1.1.1"
    resolved "https://registry.yarnpkg.com/setprototypeof/-/setprototypeof-1.1.1.tgz#7e95acb24aa92f5885e0abef5ba131330d4ae683"
    integrity sha512-JvdAWfbXeIGaZ9cILp38HntZSFSo3mWg6xGcJJsd+d4aRMOqauag1C63dJfDw7OaMYwEbHMOxEZ1lqVRYP2OAw==
  
  sha.js@^2.4.0, sha.js@^2.4.8, sha.js@~2.4.4:
    version "2.4.11"
    resolved "https://registry.yarnpkg.com/sha.js/-/sha.js-2.4.11.tgz#37a5cf0b81ecbc6943de109ba2960d1b26584ae7"
    integrity sha512-QMEp5B7cftE7APOjk5Y6xgrbWu+WkLVQwk8JNjZ8nKRciZaByEW6MubieAiToS7+dwvrjGhH8jRXz3MVd0AYqQ==
    dependencies:
      inherits "^2.0.1"
      safe-buffer "^5.0.1"
  
  shasum@^1.0.0:
    version "1.0.2"
    resolved "https://registry.yarnpkg.com/shasum/-/shasum-1.0.2.tgz#e7012310d8f417f4deb5712150e5678b87ae565f"
    integrity sha1-5wEjENj0F/TetXEhUOVni4euVl8=
    dependencies:
      json-stable-stringify "~0.0.0"
      sha.js "~2.4.4"
  
  shell-quote@^1.6.1:
    version "1.6.1"
    resolved "https://registry.yarnpkg.com/shell-quote/-/shell-quote-1.6.1.tgz#f4781949cce402697127430ea3b3c5476f481767"
    integrity sha1-9HgZSczkAmlxJ0MOo7PFR29IF2c=
    dependencies:
      array-filter "~0.0.0"
      array-map "~0.0.0"
      array-reduce "~0.0.0"
      jsonify "~0.0.0"
  
  simple-concat@^1.0.0:
    version "1.0.0"
    resolved "https://registry.yarnpkg.com/simple-concat/-/simple-concat-1.0.0.tgz#7344cbb8b6e26fb27d66b2fc86f9f6d5997521c6"
    integrity sha1-c0TLuLbib7J9ZrL8hvn21Zl1IcY=
  
  source-map@~0.5.3:
    version "0.5.7"
    resolved "https://registry.yarnpkg.com/source-map/-/source-map-0.5.7.tgz#8a039d2d1021d22d1ea14c80d8ea468ba2ef3fcc"
    integrity sha1-igOdLRAh0i0eoUyA2OpGi6LvP8w=
  
  "statuses@>= 1.4.0 < 2", "statuses@>= 1.5.0 < 2", statuses@^1.0.0, statuses@^1.5.0:
    version "1.5.0"
    resolved "https://registry.yarnpkg.com/statuses/-/statuses-1.5.0.tgz#161c7dac177659fd9811f43771fa99381478628c"
    integrity sha1-Fhx9rBd2Wf2YEfQ3cfqZOBR4Yow=
  
  stream-browserify@^2.0.0:
    version "2.0.2"
    resolved "https://registry.yarnpkg.com/stream-browserify/-/stream-browserify-2.0.2.tgz#87521d38a44aa7ee91ce1cd2a47df0cb49dd660b"
    integrity sha512-nX6hmklHs/gr2FuxYDltq8fJA1GDlxKQCz8O/IM4atRqBH8OORmBNgfvW5gG10GT/qQ9u0CzIvr2X5Pkt6ntqg==
    dependencies:
      inherits "~2.0.1"
      readable-stream "^2.0.2"
  
  stream-combiner2@^1.1.1:
    version "1.1.1"
    resolved "https://registry.yarnpkg.com/stream-combiner2/-/stream-combiner2-1.1.1.tgz#fb4d8a1420ea362764e21ad4780397bebcb41cbe"
    integrity sha1-+02KFCDqNidk4hrUeAOXvry0HL4=
    dependencies:
      duplexer2 "~0.1.0"
      readable-stream "^2.0.2"
  
  stream-http@^2.0.0:
    version "2.8.3"
    resolved "https://registry.yarnpkg.com/stream-http/-/stream-http-2.8.3.tgz#b2d242469288a5a27ec4fe8933acf623de6514fc"
    integrity sha512-+TSkfINHDo4J+ZobQLWiMouQYB+UVYFttRA94FpEzzJ7ZdqcL4uUUQ7WkdkI4DSozGmgBUE/a47L+38PenXhUw==
    dependencies:
      builtin-status-codes "^3.0.0"
      inherits "^2.0.1"
      readable-stream "^2.3.6"
      to-arraybuffer "^1.0.0"
      xtend "^4.0.0"
  
  stream-log-stats@^2.0.2:
    version "2.0.2"
    resolved "https://registry.yarnpkg.com/stream-log-stats/-/stream-log-stats-2.0.2.tgz#a59a4af9e224fa124457dd9b8ba89c757dc3dab0"
    integrity sha512-b1LccxXhMlOQQrzSqapQHyZ3UI00QTAv+8VecFgsJz//sGB5LFl/+mkFeWBVVI2/E4DlCT4sGgvLExB/VTVFfA==
    dependencies:
      JSONStream "^1.3.1"
      ansi-escape-sequences "^3.0.0"
      byte-size "^3.0.0"
      common-log-format "~0.1.3"
      lodash.throttle "^4.1.1"
      stream-via "^1.0.3"
      table-layout "~0.4.0"
  
  stream-read-all@^0.1.0, stream-read-all@^0.1.2:
    version "0.1.2"
    resolved "https://registry.yarnpkg.com/stream-read-all/-/stream-read-all-0.1.2.tgz#748718e89281fff6b0742918233415a6900387e1"
    integrity sha512-KX42xBg853m+KnwRtwCKT95ShopAbY/MNKs2dBQ0WkNeuJdqgQYRtGRbTlxdx0L6t979h3z/wMq2eMSAu7Tygw==
  
  stream-slice@^0.1.2:
    version "0.1.2"
    resolved "https://registry.yarnpkg.com/stream-slice/-/stream-slice-0.1.2.tgz#2dc4f4e1b936fb13f3eb39a2def1932798d07a4b"
    integrity sha1-LcT04bk2+xPz6zmi3vGTJ5jQeks=
  
  stream-splicer@^2.0.0:
    version "2.0.0"
    resolved "https://registry.yarnpkg.com/stream-splicer/-/stream-splicer-2.0.0.tgz#1b63be438a133e4b671cc1935197600175910d83"
    integrity sha1-G2O+Q4oTPktnHMGTUZdgAXWRDYM=
    dependencies:
      inherits "^2.0.1"
      readable-stream "^2.0.2"
  
  stream-via@^1.0.3:
    version "1.0.4"
    resolved "https://registry.yarnpkg.com/stream-via/-/stream-via-1.0.4.tgz#8dccbb0ac909328eb8bc8e2a4bd3934afdaf606c"
    integrity sha512-DBp0lSvX5G9KGRDTkR/R+a29H+Wk2xItOF+MpZLLNDWbEV9tGPnqLPxHEYjmiz8xGtJHRIqmI+hCjmNzqoA4nQ==
  
  streaming-json-stringify@3:
    version "3.1.0"
    resolved "https://registry.yarnpkg.com/streaming-json-stringify/-/streaming-json-stringify-3.1.0.tgz#80200437a993cc39c4fe00263b7b3b903ac87af5"
    integrity sha1-gCAEN6mTzDnE/gAmO3s7kDrIevU=
    dependencies:
      json-stringify-safe "5"
      readable-stream "2"
  
  string_decoder@^1.1.1:
    version "1.2.0"
    resolved "https://registry.yarnpkg.com/string_decoder/-/string_decoder-1.2.0.tgz#fe86e738b19544afe70469243b2a1ee9240eae8d"
    integrity sha512-6YqyX6ZWEYguAxgZzHGL7SsCeGx3V2TtOTqZz1xSTSWnqsbWwbptafNyvf/ACquZUXV3DANr5BDIwNYe1mN42w==
    dependencies:
      safe-buffer "~5.1.0"
  
  string_decoder@~1.1.1:
    version "1.1.1"
    resolved "https://registry.yarnpkg.com/string_decoder/-/string_decoder-1.1.1.tgz#9cf1611ba62685d7030ae9e4ba34149c3af03fc8"
    integrity sha512-n/ShnvDi6FHbbVfviro+WojiFzv+s8MPMHBczVePfUpDJLwoLT0ht1l4YwBCbi8pJAveEEdnkHyPyTP/mzRfwg==
    dependencies:
      safe-buffer "~5.1.0"
  
  subarg@^1.0.0:
    version "1.0.0"
    resolved "https://registry.yarnpkg.com/subarg/-/subarg-1.0.0.tgz#f62cf17581e996b48fc965699f54c06ae268b8d2"
    integrity sha1-9izxdYHplrSPyWVpn1TAauJouNI=
    dependencies:
      minimist "^1.1.0"
  
  supports-color@^5.3.0:
    version "5.5.0"
    resolved "https://registry.yarnpkg.com/supports-color/-/supports-color-5.5.0.tgz#e2e69a44ac8772f78a1ec0b35b689df6530efc8f"
    integrity sha512-QjVjwdXIt408MIiAqCX4oUKsgU2EqAGzs2Ppkm4aQYbjm+ZEWEcW4SfFNTr4uMNZma0ey4f5lgLrkB0aX0QMow==
    dependencies:
      has-flag "^3.0.0"
  
  syntax-error@^1.1.1:
    version "1.4.0"
    resolved "https://registry.yarnpkg.com/syntax-error/-/syntax-error-1.4.0.tgz#2d9d4ff5c064acb711594a3e3b95054ad51d907c"
    integrity sha512-YPPlu67mdnHGTup2A8ff7BC2Pjq0e0Yp/IyTFN03zWO0RcK07uLcbi7C2KpGR2FvWbaB0+bfE27a+sBKebSo7w==
    dependencies:
      acorn-node "^1.2.0"
  
  table-layout@^0.4.3, table-layout@~0.4.0:
    version "0.4.4"
    resolved "https://registry.yarnpkg.com/table-layout/-/table-layout-0.4.4.tgz#bc5398b2a05e58b67b05dd9238354b89ef27be0f"
    integrity sha512-uNaR3SRMJwfdp9OUr36eyEi6LLsbcTqTO/hfTsNviKsNeyMBPICJCC7QXRF3+07bAP6FRwA8rczJPBqXDc0CkQ==
    dependencies:
      array-back "^2.0.0"
      deep-extend "~0.6.0"
      lodash.padend "^4.6.1"
      typical "^2.6.1"
      wordwrapjs "^3.0.0"
  
  thenify-all@^1.0.0:
    version "1.6.0"
    resolved "https://registry.yarnpkg.com/thenify-all/-/thenify-all-1.6.0.tgz#1a1918d402d8fc3f98fbf234db0bcc8cc10e9726"
    integrity sha1-GhkY1ALY/D+Y+/I02wvMjMEOlyY=
    dependencies:
      thenify ">= 3.1.0 < 4"
  
  "thenify@>= 3.1.0 < 4":
    version "3.3.0"
    resolved "https://registry.yarnpkg.com/thenify/-/thenify-3.3.0.tgz#e69e38a1babe969b0108207978b9f62b88604839"
    integrity sha1-5p44obq+lpsBCCB5eLn2K4hgSDk=
    dependencies:
      any-promise "^1.0.0"
  
  through2@^2.0.0:
    version "2.0.5"
    resolved "https://registry.yarnpkg.com/through2/-/through2-2.0.5.tgz#01c1e39eb31d07cb7d03a96a70823260b23132cd"
    integrity sha512-/mrRod8xqpA+IHSLyGCQ2s8SPHiCDEeQJSep1jqLYeEUClOFG2Qsh+4FU6G9VeqpZnGW/Su8LQGc4YKni5rYSQ==
    dependencies:
      readable-stream "~2.3.6"
      xtend "~4.0.1"
  
  "through@>=2.2.7 <3":
    version "2.3.8"
    resolved "https://registry.yarnpkg.com/through/-/through-2.3.8.tgz#0dd4c9ffaabc357960b1b724115d7e0e86a2e1f5"
    integrity sha1-DdTJ/6q8NXlgsbckEV1+Doai4fU=
  
  timers-browserify@^1.0.1:
    version "1.4.2"
    resolved "https://registry.yarnpkg.com/timers-browserify/-/timers-browserify-1.4.2.tgz#c9c58b575be8407375cb5e2462dacee74359f41d"
    integrity sha1-ycWLV1voQHN1y14kYtrO50NZ9B0=
    dependencies:
      process "~0.11.0"
  
  to-arraybuffer@^1.0.0:
    version "1.0.1"
    resolved "https://registry.yarnpkg.com/to-arraybuffer/-/to-arraybuffer-1.0.1.tgz#7d229b1fcc637e466ca081180836a7aabff83f43"
    integrity sha1-fSKbH8xjfkZsoIEYCDanqr/4P0M=
  
  toidentifier@1.0.0:
    version "1.0.0"
    resolved "https://registry.yarnpkg.com/toidentifier/-/toidentifier-1.0.0.tgz#7e1be3470f1e77948bc43d94a3c8f4d7752ba553"
    integrity sha512-yaOH/Pk/VEhBWWTlhI+qXxDFXlejDGcQipMlyxda9nthulaxLZUNcUqFxokp0vcYnvteJln5FNQDRrxj3YcbVw==
  
  tty-browserify@0.0.1:
    version "0.0.1"
    resolved "https://registry.yarnpkg.com/tty-browserify/-/tty-browserify-0.0.1.tgz#3f05251ee17904dfd0677546670db9651682b811"
    integrity sha512-C3TaO7K81YvjCgQH9Q1S3R3P3BtN3RIM8n+OvX4il1K1zgE8ZhI0op7kClgkxtutIE8hQrcrHBXvIheqKUUCxw==
  
  type-is@^1.6.16:
    version "1.6.16"
    resolved "https://registry.yarnpkg.com/type-is/-/type-is-1.6.16.tgz#f89ce341541c672b25ee7ae3c73dee3b2be50194"
    integrity sha512-HRkVv/5qY2G6I8iab9cI7v1bOIdhm94dVjQCPFElW9W+3GeDOSHmy2EBYe4VTApuzolPcmgFTN3ftVJRKR2J9Q==
    dependencies:
      media-typer "0.3.0"
      mime-types "~2.1.18"
  
  typedarray@^0.0.6:
    version "0.0.6"
    resolved "https://registry.yarnpkg.com/typedarray/-/typedarray-0.0.6.tgz#867ac74e3864187b1d3d47d996a78ec5c8830777"
    integrity sha1-hnrHTjhkGHsdPUfZlqeOxciDB3c=
  
  typical@^2.6.0, typical@^2.6.1:
    version "2.6.1"
    resolved "https://registry.yarnpkg.com/typical/-/typical-2.6.1.tgz#5c080e5d661cbbe38259d2e70a3c7253e873881d"
    integrity sha1-XAgOXWYcu+OCWdLnCjxyU+hziB0=
  
  typical@^3.0.0:
    version "3.0.2"
    resolved "https://registry.yarnpkg.com/typical/-/typical-3.0.2.tgz#1891683995b7916822c7ab0ccc238fc462f66e71"
    integrity sha512-uvJvOMwAheCYrxDUsqkMPpYk7t1/R+4VQnBZ3wzkaA6QRQzXxG6+/yA6VGDtK+bgzCxh6Vk5arJ7TG0Gf8GN1w==
  
  typical@^4.0.0:
    version "4.0.0"
    resolved "https://registry.yarnpkg.com/typical/-/typical-4.0.0.tgz#cbeaff3b9d7ae1e2bbfaf5a4e6f11eccfde94fc4"
    integrity sha512-VAH4IvQ7BDFYglMd7BPRDfLgxZZX4O4TFcRDA6EN5X7erNJJq+McIEp8np9aVtxrCJ6qx4GTYVfOWNjcqwZgRw==
  
  umd@^3.0.0:
    version "3.0.3"
    resolved "https://registry.yarnpkg.com/umd/-/umd-3.0.3.tgz#aa9fe653c42b9097678489c01000acb69f0b26cf"
    integrity sha512-4IcGSufhFshvLNcMCV80UnQVlZ5pMOC8mvNPForqwA4+lzYQuetTESLDQkeLmihq8bRcnpbQa48Wb8Lh16/xow==
  
  undeclared-identifiers@^1.1.2:
    version "1.1.3"
    resolved "https://registry.yarnpkg.com/undeclared-identifiers/-/undeclared-identifiers-1.1.3.tgz#9254c1d37bdac0ac2b52de4b6722792d2a91e30f"
    integrity sha512-pJOW4nxjlmfwKApE4zvxLScM/njmwj/DiUBv7EabwE4O8kRUy+HIwxQtZLBPll/jx1LJyBcqNfB3/cpv9EZwOw==
    dependencies:
      acorn-node "^1.3.0"
      dash-ast "^1.0.0"
      get-assigned-identifiers "^1.2.0"
      simple-concat "^1.0.0"
      xtend "^4.0.1"
  
  unpipe@1.0.0:
    version "1.0.0"
    resolved "https://registry.yarnpkg.com/unpipe/-/unpipe-1.0.0.tgz#b2bf4ee8514aae6165b4817829d21b2ef49904ec"
    integrity sha1-sr9O6FFKrmFltIF4KdIbLvSZBOw=
  
  url@~0.11.0:
    version "0.11.0"
    resolved "https://registry.yarnpkg.com/url/-/url-0.11.0.tgz#3838e97cfc60521eb73c525a8e55bfdd9e2e28f1"
    integrity sha1-ODjpfPxgUh63PFJajlW/3Z4uKPE=
    dependencies:
      punycode "1.3.2"
      querystring "0.2.0"
  
  util-deprecate@~1.0.1:
    version "1.0.2"
    resolved "https://registry.yarnpkg.com/util-deprecate/-/util-deprecate-1.0.2.tgz#450d4dc9fa70de732762fbd2d4a28981419a0ccf"
    integrity sha1-RQ1Nyfpw3nMnYvvS1KKJgUGaDM8=
  
  util@0.10.3:
    version "0.10.3"
    resolved "https://registry.yarnpkg.com/util/-/util-0.10.3.tgz#7afb1afe50805246489e3db7fe0ed379336ac0f9"
    integrity sha1-evsa/lCAUkZInj23/g7TeTNqwPk=
    dependencies:
      inherits "2.0.1"
  
  util@~0.10.1:
    version "0.10.4"
    resolved "https://registry.yarnpkg.com/util/-/util-0.10.4.tgz#3aa0125bfe668a4672de58857d3ace27ecb76901"
    integrity sha512-0Pm9hTQ3se5ll1XihRic3FDIku70C+iHUdT/W926rSgHV5QgXsYbKZN8MSC3tJtSkhuROzvsQjAaFENRXr+19A==
    dependencies:
      inherits "2.0.3"
  
  vary@^1.1.2:
    version "1.1.2"
    resolved "https://registry.yarnpkg.com/vary/-/vary-1.1.2.tgz#2299f02c6ded30d4a5961b0b9f74524a18f634fc"
    integrity sha1-IpnwLG3tMNSllhsLn3RSShj2NPw=
  
  vm-browserify@^1.0.0:
    version "1.1.0"
    resolved "https://registry.yarnpkg.com/vm-browserify/-/vm-browserify-1.1.0.tgz#bd76d6a23323e2ca8ffa12028dc04559c75f9019"
    integrity sha512-iq+S7vZJE60yejDYM0ek6zg308+UZsdtPExWP9VZoCFCz1zkJoXFnAX7aZfd/ZwrkidzdUZL0C/ryW+JwAiIGw==
  
  walk-back@^3.0.1:
    version "3.0.1"
    resolved "https://registry.yarnpkg.com/walk-back/-/walk-back-3.0.1.tgz#0c0012694725604960d6c2f75aaf1a1e7d455d35"
    integrity sha512-umiNB2qLO731Sxbp6cfZ9pwURJzTnftxE4Gc7hq8n/ehkuXC//s9F65IEIJA2ZytQZ1ZOsm/Fju4IWx0bivkUQ==
  
  wordwrapjs@^3.0.0:
    version "3.0.0"
    resolved "https://registry.yarnpkg.com/wordwrapjs/-/wordwrapjs-3.0.0.tgz#c94c372894cadc6feb1a66bff64e1d9af92c5d1e"
    integrity sha512-mO8XtqyPvykVCsrwj5MlOVWvSnCdT+C+QVbm6blradR7JExAhbkZ7hZ9A+9NUtwzSqrlUo9a67ws0EiILrvRpw==
    dependencies:
      reduce-flatten "^1.0.1"
      typical "^2.6.1"
  
  wrappy@1:
    version "1.0.2"
    resolved "https://registry.yarnpkg.com/wrappy/-/wrappy-1.0.2.tgz#b5243d8f3ec1aa35f1364605bc0d1036e30ab69f"
    integrity sha1-tSQ9jz7BqjXxNkYFvA0QNuMKtp8=
  
  ws@^5.2.1:
    version "5.2.2"
    resolved "https://registry.yarnpkg.com/ws/-/ws-5.2.2.tgz#dffef14866b8e8dc9133582514d1befaf96e980f"
    integrity sha512-jaHFD6PFv6UgoIVda6qZllptQsMlDEJkTQcybzzXDYM1XO9Y8em691FGMPmM46WGyLU4z9KMgQN+qrux/nhlHA==
    dependencies:
      async-limiter "~1.0.0"
  
  xtend@^4.0.0, xtend@^4.0.1, xtend@~4.0.1:
    version "4.0.1"
    resolved "https://registry.yarnpkg.com/xtend/-/xtend-4.0.1.tgz#a5c6d532be656e23db820efb943a1f04998d63af"
    integrity sha1-pcbVMr5lbiPbgg77lDofBJmNY68=
  
  ylru@^1.2.0:
    version "1.2.1"
    resolved "https://registry.yarnpkg.com/ylru/-/ylru-1.2.1.tgz#f576b63341547989c1de7ba288760923b27fe84f"
    integrity sha512-faQrqNMzcPCHGVC2aaOINk13K+aaBDUPjGWl0teOXywElLjyVAB6Oe2jj62jHYtwsU49jXhScYbvPENK+6zAvQ==
